2023-03-27 14:48:34.520 [info] Уровень ведения журнала: Info
2023-03-27 14:48:34.520 [info] Проверка найденного Git в: "git"
2023-03-27 14:48:34.520 [info] Используется Git "2.34.1" из "git"
2023-03-27 14:48:34.554 [info] > git rev-parse --show-toplevel [35ms]
2023-03-27 14:48:34.609 [info] > git rev-parse --git-dir --git-common-dir [34ms]
2023-03-27 14:48:34.650 [info] Open repository: /home/m_lomakin/test/Project
2023-03-27 14:48:34.684 [info] > git rev-parse --show-toplevel [23ms]
2023-03-27 14:48:34.699 [info] > git config --get commit.template [20ms]
2023-03-27 14:48:34.722 [info] No remotes found in the git config file.
2023-03-27 14:48:34.723 [info] > git rev-parse --show-toplevel [28ms]
2023-03-27 14:48:34.736 [info] > git for-each-ref --format=%(refname)%00%(upstream:short)%00%(objectname)%00%(upstream:track)%00%(upstream:remotename)%00%(upstream:remoteref) refs/heads/master refs/remotes/master [15ms]
2023-03-27 14:48:34.764 [info] > git rev-parse --show-toplevel [29ms]
2023-03-27 14:48:34.778 [info] > git status -z -uall [16ms]
2023-03-27 14:48:34.819 [info] No remotes found in the git config file.
2023-03-27 14:48:34.821 [info] > git config --get commit.template [15ms]
2023-03-27 14:48:34.822 [info] > git for-each-ref --format=%(refname)%00%(upstream:short)%00%(objectname)%00%(upstream:track)%00%(upstream:remotename)%00%(upstream:remoteref) refs/heads/master refs/remotes/master [4ms]
2023-03-27 14:48:34.841 [info] > git status -z -uall [2ms]
2023-03-27 14:48:35.058 [info] > git show --textconv :index.html [15ms]
2023-03-27 14:48:35.061 [info] > git ls-files --stage -- /home/m_lomakin/test/Project/index.html [4ms]
2023-03-27 14:48:35.073 [info] > git cat-file -s 201e840b4dc1ada3f2af2375b038d9f6926a0677 [2ms]
2023-03-27 14:48:35.230 [info] > git check-ignore -v -z --stdin [4ms]
2023-03-27 14:54:41.603 [info] > git check-ignore -v -z --stdin [2ms]
2023-03-27 15:10:10.643 [info] > git add -A -- /home/m_lomakin/test/Project/index.html [10ms]
2023-03-27 15:10:10.675 [info] No remotes found in the git config file.
2023-03-27 15:10:10.675 [info] > git config --get commit.template [14ms]
2023-03-27 15:10:10.676 [info] > git for-each-ref --format=%(refname)%00%(upstream:short)%00%(objectname)%00%(upstream:track)%00%(upstream:remotename)%00%(upstream:remoteref) refs/heads/master refs/remotes/master [2ms]
2023-03-27 15:10:10.698 [info] > git status -z -uall [6ms]
2023-03-27 15:10:10.788 [info] > git -c user.useConfigOnly=true commit --quiet --allow-empty-message --file - [21ms]
2023-03-27 15:10:10.816 [info] > git config --get commit.template [7ms]
2023-03-27 15:10:10.870 [info] No remotes found in the git config file.
2023-03-27 15:10:10.872 [info] > git config --get commit.template [41ms]
2023-03-27 15:10:10.876 [info] > git for-each-ref --format=%(refname)%00%(upstream:short)%00%(objectname)%00%(upstream:track)%00%(upstream:remotename)%00%(upstream:remoteref) refs/heads/master refs/remotes/master [6ms]
2023-03-27 15:10:10.897 [info] > git status -z -uall [4ms]
2023-03-27 15:10:11.150 [info] No remotes found in the git config file.
2023-03-27 15:10:11.151 [info] > git config --get commit.template [19ms]
2023-03-27 15:10:11.158 [info] > git for-each-ref --format=%(refname)%00%(upstream:short)%00%(objectname)%00%(upstream:track)%00%(upstream:remotename)%00%(upstream:remoteref) refs/heads/master refs/remotes/master [8ms]
2023-03-27 15:10:11.177 [info] > git status -z -uall [8ms]
2023-03-27 15:10:12.132 [info] > git ls-files --stage -- /home/m_lomakin/test/Project/index.html [5ms]
2023-03-27 15:10:12.151 [info] > git cat-file -s 956d052dc6f011778d1f82f62db393a28bdfe9e3 [2ms]
2023-03-27 15:10:12.177 [info] > git show --textconv :index.html [5ms]
2023-03-27 15:10:22.542 [info] > git add -A -- . [8ms]
2023-03-27 15:10:23.399 [info] > git show --textconv :.git/COMMIT_EDITMSG [23ms]
2023-03-27 15:10:23.404 [info] > git ls-files --stage -- /home/m_lomakin/test/Project/.git/COMMIT_EDITMSG [6ms]
2023-03-27 15:10:23.703 [info] > git check-ignore -v -z --stdin [25ms]
2023-03-27 15:10:24.008 [info] > git ls-files --stage -- /home/m_lomakin/test/Project/index.html [43ms]
2023-03-27 15:10:24.022 [info] > git ls-files --stage -- /home/m_lomakin/test/Project/.git/COMMIT_EDITMSG [17ms]
2023-03-27 15:10:24.044 [info] > git cat-file -s 956d052dc6f011778d1f82f62db393a28bdfe9e3 [24ms]
2023-03-27 15:10:24.065 [info] > git show --textconv :.git/COMMIT_EDITMSG [22ms]
2023-03-27 15:10:24.070 [info] > git show --textconv :index.html [5ms]
2023-03-27 15:10:51.321 [info] > git -c user.useConfigOnly=true commit --quiet --allow-empty [28754ms]
2023-03-27 15:10:51.321 [info] Отмена коммита из-за пустого сообщения коммита.
2023-03-27 15:10:51.343 [info] > git config --get-all user.name [10ms]
2023-03-27 15:10:51.361 [info] > git config --get-all user.email [4ms]
2023-03-27 15:10:51.394 [info] No remotes found in the git config file.
2023-03-27 15:10:51.396 [info] > git config --get commit.template [20ms]
2023-03-27 15:10:51.399 [info] > git for-each-ref --format=%(refname)%00%(upstream:short)%00%(objectname)%00%(upstream:track)%00%(upstream:remotename)%00%(upstream:remoteref) refs/heads/master refs/remotes/master [6ms]
2023-03-27 15:10:51.434 [info] > git status -z -uall [17ms]
2023-03-27 15:12:28.463 [info] No remotes found in the git config file.
2023-03-27 15:12:28.464 [info] > git config --get commit.template [20ms]
2023-03-27 15:12:28.468 [info] > git for-each-ref --format=%(refname)%00%(upstream:short)%00%(objectname)%00%(upstream:track)%00%(upstream:remotename)%00%(upstream:remoteref) refs/heads/master refs/remotes/master [6ms]
2023-03-27 15:12:28.501 [info] > git status -z -uall [13ms]
2023-03-27 15:12:49.575 [info] > git add -A -- /home/m_lomakin/test/Project/index.html [6ms]
2023-03-27 15:12:49.611 [info] No remotes found in the git config file.
2023-03-27 15:12:49.612 [info] > git config --get commit.template [13ms]
2023-03-27 15:12:49.615 [info] > git for-each-ref --format=%(refname)%00%(upstream:short)%00%(objectname)%00%(upstream:track)%00%(upstream:remotename)%00%(upstream:remoteref) refs/heads/master refs/remotes/master [4ms]
2023-03-27 15:12:49.630 [info] > git status -z -uall [3ms]
2023-03-27 15:12:50.280 [info] > git show --textconv :.git/COMMIT_EDITMSG [22ms]
2023-03-27 15:12:50.288 [info] > git ls-files --stage -- /home/m_lomakin/test/Project/.git/COMMIT_EDITMSG [9ms]
2023-03-27 15:12:50.993 [info] > git ls-files --stage -- /home/m_lomakin/test/Project/index.html [23ms]
2023-03-27 15:12:51.018 [info] > git ls-files --stage -- /home/m_lomakin/test/Project/.git/COMMIT_EDITMSG [26ms]
2023-03-27 15:12:51.021 [info] > git cat-file -s b4dd646a3671feace7b6367ca5fe736bf24f5e87 [6ms]
2023-03-27 15:12:51.073 [info] > git show --textconv :.git/COMMIT_EDITMSG [27ms]
2023-03-27 15:12:51.075 [info] > git show --textconv :index.html [3ms]
2023-03-27 15:13:16.292 [info] > git -c user.useConfigOnly=true commit --quiet [26640ms]
2023-03-27 15:13:16.333 [info] No remotes found in the git config file.
2023-03-27 15:13:16.342 [info] > git config --get commit.template [27ms]
2023-03-27 15:13:16.347 [info] > git for-each-ref --format=%(refname)%00%(upstream:short)%00%(objectname)%00%(upstream:track)%00%(upstream:remotename)%00%(upstream:remoteref) refs/heads/master refs/remotes/master [14ms]
2023-03-27 15:13:16.379 [info] > git status -z -uall [12ms]
2023-03-27 15:13:16.776 [info] No remotes found in the git config file.
2023-03-27 15:13:16.777 [info] > git config --get commit.template [45ms]
2023-03-27 15:13:16.790 [info] > git for-each-ref --format=%(refname)%00%(upstream:short)%00%(objectname)%00%(upstream:track)%00%(upstream:remotename)%00%(upstream:remoteref) refs/heads/master refs/remotes/master [14ms]
2023-03-27 15:13:16.816 [info] > git status -z -uall [4ms]
2023-03-27 15:13:17.557 [info] > git ls-files --stage -- /home/m_lomakin/test/Project/index.html [4ms]
2023-03-27 15:13:17.584 [info] > git cat-file -s b4dd646a3671feace7b6367ca5fe736bf24f5e87 [4ms]
2023-03-27 15:13:17.626 [info] > git show --textconv :index.html [3ms]
2023-03-27 15:14:07.760 [info] No remotes found in the git config file.
2023-03-27 15:14:07.761 [info] > git config --get commit.template [22ms]
2023-03-27 15:14:07.763 [info] > git for-each-ref --format=%(refname)%00%(upstream:short)%00%(objectname)%00%(upstream:track)%00%(upstream:remotename)%00%(upstream:remoteref) refs/heads/master refs/remotes/master [4ms]
2023-03-27 15:14:07.783 [info] > git status -z -uall [5ms]
2023-03-27 15:15:17.630 [info] > git add -A -- /home/m_lomakin/test/Project/img/HTML-IMG.-Vstavka-izobrazhenij-na-vashu-stranitsu.jpg /home/m_lomakin/test/Project/img/code_1.76.2-1678817801_amd64.deb [5ms]
2023-03-27 15:15:17.680 [info] No remotes found in the git config file.
2023-03-27 15:15:17.681 [info] > git config --get commit.template [24ms]
2023-03-27 15:15:17.685 [info] > git for-each-ref --format=%(refname)%00%(upstream:short)%00%(objectname)%00%(upstream:track)%00%(upstream:remotename)%00%(upstream:remoteref) refs/heads/master refs/remotes/master [5ms]
2023-03-27 15:15:17.709 [info] > git status -z -uall [6ms]
2023-03-27 15:15:35.979 [info] > git show --textconv :.git/COMMIT_EDITMSG [23ms]
2023-03-27 15:15:35.982 [info] > git ls-files --stage -- /home/m_lomakin/test/Project/.git/COMMIT_EDITMSG [4ms]
2023-03-27 15:15:46.839 [info] > git -c user.useConfigOnly=true commit --quiet [11557ms]
2023-03-27 15:15:46.839 [info] Отмена коммита из-за пустого сообщения коммита.
2023-03-27 15:15:46.856 [info] > git config --get-all user.name [3ms]
2023-03-27 15:15:46.885 [info] > git config --get-all user.email [13ms]
2023-03-27 15:15:46.922 [info] No remotes found in the git config file.
2023-03-27 15:15:46.923 [info] > git config --get commit.template [22ms]
2023-03-27 15:15:46.930 [info] > git for-each-ref --format=%(refname)%00%(upstream:short)%00%(objectname)%00%(upstream:track)%00%(upstream:remotename)%00%(upstream:remoteref) refs/heads/master refs/remotes/master [7ms]
2023-03-27 15:15:47.030 [info] > git status -z -uall [21ms]
2023-03-27 15:15:53.952 [info] > git ls-files --stage -- /home/m_lomakin/test/Project/index.html [9ms]
2023-03-27 15:15:53.980 [info] > git cat-file -s b4dd646a3671feace7b6367ca5fe736bf24f5e87 [11ms]
2023-03-27 15:15:54.053 [info] > git show --textconv :index.html [4ms]
2023-03-27 15:17:17.994 [info] > git for-each-ref --sort -committerdate --format %(refname) %(objectname) %(*objectname) [7ms]
2023-03-27 15:17:30.582 [info] > git checkout -q master [34ms]
2023-03-27 15:17:30.606 [info] No remotes found in the git config file.
2023-03-27 15:17:30.607 [info] > git config --get commit.template [13ms]
2023-03-27 15:17:30.609 [info] > git for-each-ref --format=%(refname)%00%(upstream:short)%00%(objectname)%00%(upstream:track)%00%(upstream:remotename)%00%(upstream:remoteref) refs/heads/master refs/remotes/master [3ms]
2023-03-27 15:17:30.641 [info] > git status -z -uall [20ms]
2023-03-27 15:17:31.832 [info] No remotes found in the git config file.
2023-03-27 15:17:31.833 [info] > git config --get commit.template [32ms]
2023-03-27 15:17:31.839 [info] > git for-each-ref --format=%(refname)%00%(upstream:short)%00%(objectname)%00%(upstream:track)%00%(upstream:remotename)%00%(upstream:remoteref) refs/heads/master refs/remotes/master [8ms]
2023-03-27 15:17:31.937 [info] > git status -z -uall [49ms]
2023-03-27 15:17:31.952 [info] > git ls-files --stage -- /home/m_lomakin/test/Project/index.html [18ms]
2023-03-27 15:17:32.006 [info] > git cat-file -s b4dd646a3671feace7b6367ca5fe736bf24f5e87 [21ms]
2023-03-27 15:17:32.072 [info] > git show --textconv :index.html [6ms]
2023-03-27 15:18:07.111 [info] > git show --textconv :.git/COMMIT_EDITMSG [13ms]
2023-03-27 15:18:07.114 [info] > git ls-files --stage -- /home/m_lomakin/test/Project/.git/COMMIT_EDITMSG [3ms]
2023-03-27 15:18:07.677 [info] > git ls-files --stage -- /home/m_lomakin/test/Project/index.html [20ms]
2023-03-27 15:18:07.691 [info] > git ls-files --stage -- /home/m_lomakin/test/Project/.git/COMMIT_EDITMSG [15ms]
2023-03-27 15:18:07.709 [info] > git cat-file -s b4dd646a3671feace7b6367ca5fe736bf24f5e87 [20ms]
2023-03-27 15:18:07.731 [info] > git show --textconv :.git/COMMIT_EDITMSG [22ms]
2023-03-27 15:18:07.739 [info] > git show --textconv :index.html [9ms]
2023-03-27 15:18:37.428 [info] > git check-ignore -v -z --stdin [4ms]
2023-03-27 15:18:39.726 [info] > git show --textconv :css/main.css [43ms]
2023-03-27 15:18:39.732 [info] > git ls-files --stage -- /home/m_lomakin/test/Project/css/main.css [8ms]
2023-03-27 15:18:39.778 [info] > git cat-file -s e69de29bb2d1d6434b8b29ae775ad8c2e48c5391 [1ms]
2023-03-27 15:21:56.443 [info] > git -c user.useConfigOnly=true commit --quiet [230011ms]
2023-03-27 15:21:56.444 [info] Отмена коммита из-за пустого сообщения коммита.
2023-03-27 15:21:56.464 [info] > git config --get-all user.name [4ms]
2023-03-27 15:21:56.488 [info] > git config --get-all user.email [3ms]
2023-03-27 15:21:56.521 [info] No remotes found in the git config file.
2023-03-27 15:21:56.523 [info] > git config --get commit.template [20ms]
2023-03-27 15:21:56.528 [info] > git for-each-ref --format=%(refname)%00%(upstream:short)%00%(objectname)%00%(upstream:track)%00%(upstream:remotename)%00%(upstream:remoteref) refs/heads/master refs/remotes/master [7ms]
2023-03-27 15:21:56.547 [info] > git status -z -uall [5ms]
2023-03-27 15:22:16.457 [info] > git show --textconv :index.html [13ms]
2023-03-27 15:22:16.460 [info] > git ls-files --stage -- /home/m_lomakin/test/Project/index.html [5ms]
2023-03-27 15:22:16.477 [info] > git cat-file -s b4dd646a3671feace7b6367ca5fe736bf24f5e87 [3ms]
2023-03-27 15:23:08.986 [info] > git config --get commit.template [3ms]
2023-03-27 15:23:09.008 [info] No remotes found in the git config file.
2023-03-27 15:23:09.016 [info] > git for-each-ref --format=%(refname)%00%(upstream:short)%00%(objectname)%00%(upstream:track)%00%(upstream:remotename)%00%(upstream:remoteref) refs/heads/master refs/remotes/master [9ms]
2023-03-27 15:23:09.033 [info] > git status -z -uall [4ms]
2023-03-27 15:23:19.829 [info] > git for-each-ref --sort -committerdate --format %(refname) %(objectname) %(*objectname) [8ms]
2023-03-27 15:23:32.427 [info] > git for-each-ref --sort -committerdate --format %(refname) %(objectname) %(*objectname) [12ms]
2023-03-27 15:24:27.260 [info] > git show --textconv HEAD:index.html [16ms]
2023-03-27 15:24:27.267 [info] > git ls-tree -l HEAD -- /home/m_lomakin/test/Project/index.html [9ms]
2023-03-27 15:25:02.065 [info] > git log --format=%H%n%aN%n%aE%n%at%n%ct%n%P%n%D%n%B -z -n904 -- /home/m_lomakin/test/Project/index.html [6ms]
2023-03-27 15:25:10.366 [info] > git show --textconv 35e27047c46b48acfb288679a44fc4726d8d9caf^:index.html [47ms]
2023-03-27 15:25:10.366 [info] > git show --textconv 35e27047c46b48acfb288679a44fc4726d8d9caf:index.html [31ms]
2023-03-27 15:25:10.366 [info] > git ls-tree -l 35e27047c46b48acfb288679a44fc4726d8d9caf^ -- /home/m_lomakin/test/Project/index.html [20ms]
2023-03-27 15:25:10.366 [info] fatal: Not a valid object name 35e27047c46b48acfb288679a44fc4726d8d9caf^
2023-03-27 15:25:10.375 [info] > git ls-tree -l 35e27047c46b48acfb288679a44fc4726d8d9caf -- /home/m_lomakin/test/Project/index.html [10ms]
2023-03-27 15:25:10.896 [info] > git check-ignore -v -z --stdin [4ms]
2023-03-27 15:25:21.802 [info] > git show --textconv d3e2c967c809cfbe64e9ca596db121226b0cbec4:index.html [65ms]
2023-03-27 15:25:21.803 [info] > git show --textconv 6beeec065dfe84445f8561cdbe8fd186b0785d7f:index.html [49ms]
2023-03-27 15:25:21.804 [info] > git ls-tree -l 6beeec065dfe84445f8561cdbe8fd186b0785d7f -- /home/m_lomakin/test/Project/index.html [10ms]
2023-03-27 15:25:21.806 [info] > git ls-tree -l d3e2c967c809cfbe64e9ca596db121226b0cbec4 -- /home/m_lomakin/test/Project/index.html [37ms]
2023-03-27 15:25:22.315 [info] > git check-ignore -v -z --stdin [1ms]
