2023-03-27 13:42:04.871 [info] Added views:workbench.panel.markers.view in workbench.panel.markers
2023-03-27 13:42:04.871 [info] Added views:workbench.panel.output in workbench.panel.output
2023-03-27 13:42:04.871 [info] Added views:terminal in terminal
2023-03-27 13:42:04.871 [info] Added views:outline in workbench.view.explorer
2023-03-27 13:42:04.871 [info] Added views:workbench.scm in workbench.view.scm
2023-03-27 13:42:04.871 [info] Added views:workbench.view.search in workbench.view.search
2023-03-27 13:42:04.872 [info] Added views:timeline in workbench.view.explorer
2023-03-27 13:42:04.872 [info] Added views:workbench.explorer.fileView in workbench.view.explorer
2023-03-27 13:42:05.434 [info] Added views:workbench.debug.welcome in workbench.view.debug
2023-03-27 13:42:07.115 [info] Added views:workbench.panel.repl.view in workbench.panel.repl
2023-03-27 13:46:37.163 [info] Added views:workbench.panel.markers.view in workbench.panel.markers
2023-03-27 13:46:37.164 [info] Added views:workbench.panel.output in workbench.panel.output
2023-03-27 13:46:37.164 [info] Added views:terminal in terminal
2023-03-27 13:46:37.164 [info] Added views:outline in workbench.view.explorer
2023-03-27 13:46:37.164 [info] Added views:workbench.scm in workbench.view.scm
2023-03-27 13:46:37.164 [info] Added views:workbench.view.search in workbench.view.search
2023-03-27 13:46:37.164 [info] Added views:timeline in workbench.view.explorer
2023-03-27 13:46:37.164 [info] Added views:workbench.explorer.fileView in workbench.view.explorer
2023-03-27 13:46:37.463 [info] Added views:workbench.debug.welcome in workbench.view.debug
2023-03-27 13:46:39.114 [info] Added views:workbench.panel.repl.view in workbench.panel.repl
2023-03-27 13:47:19.319 [info] Added views:workbench.views.extensions.installed,workbench.views.extensions.popular,extensions.recommendedList in workbench.view.extensions
2023-03-27 13:47:19.327 [info] Removed views:workbench.views.extensions.popular from workbench.view.extensions
