2023-03-27 21:04:57.891 [info] Using settings sync service https://vscode-sync.trafficmanager.net/
2023-03-27 21:04:57.891 [info] Auto Sync is enabled.
2023-03-27 21:04:57.891 [info] Auto Sync: Suspended until auth token is available.
2023-03-27 21:05:01.271 [info] Deleting non existing profile from backup /home/m_lomakin/.config/Code/User/sync/extensions
2023-03-27 21:05:01.297 [info] Deleting non existing profile from backup /home/m_lomakin/.config/Code/User/sync/globalState
2023-03-27 21:05:01.341 [info] Deleting non existing profile from backup /home/m_lomakin/.config/Code/User/sync/keybindings
2023-03-27 21:05:01.350 [info] Deleting non existing profile from backup /home/m_lomakin/.config/Code/User/sync/profiles
2023-03-27 21:05:01.364 [info] Deleting non existing profile from backup /home/m_lomakin/.config/Code/User/sync/settings
2023-03-27 21:05:01.395 [info] Deleting non existing profile from backup /home/m_lomakin/.config/Code/User/sync/snippets
2023-03-27 21:05:01.445 [info] Deleting non existing profile from backup /home/m_lomakin/.config/Code/User/sync/tasks
2023-03-27 21:05:04.148 [info] Auto Sync: Triggered by Interval
2023-03-27 21:05:04.153 [info] Sync started.
2023-03-27 21:05:04.592 [info] Settings: Last sync resource does not exist locally.
2023-03-27 21:05:04.799 [info] Settings: No changes found during synchronizing settings.
2023-03-27 21:05:04.819 [info] Keybindings: Last sync resource does not exist locally.
2023-03-27 21:05:04.962 [info] Keybindings: No changes found during synchronizing keybindings.
2023-03-27 21:05:04.979 [info] Snippets: Last sync resource does not exist locally.
2023-03-27 21:05:05.131 [info] Snippets: No changes found during synchronizing snippets.
2023-03-27 21:05:05.148 [info] Tasks: Last sync resource does not exist locally.
2023-03-27 21:05:05.303 [info] Tasks: No changes found during synchronizing tasks.
2023-03-27 21:05:05.317 [info] GlobalState: Last sync resource does not exist locally.
2023-03-27 21:05:05.858 [info] GlobalState: Updated remote ui state. Updated: workbench.statusbar.hidden.
2023-03-27 21:05:05.920 [info] GlobalState: Updated last synchronized ui state
2023-03-27 21:05:05.937 [info] Extensions: Last sync resource does not exist locally.
2023-03-27 21:05:06.345 [info] Extensions: No changes found during synchronizing extensions.
2023-03-27 21:05:06.351 [info] Profiles: Last sync resource does not exist locally.
2023-03-27 21:05:06.506 [info] Profiles: No changes found during synchronizing profiles.
2023-03-27 21:05:06.522 [info] Sync done. Took 2371ms
2023-03-27 21:07:53.187 [info] Auto Sync: Triggered by Activity
2023-03-27 21:07:53.189 [info] Sync started.
2023-03-27 21:07:53.590 [info] Settings: No changes found during synchronizing settings.
2023-03-27 21:07:53.616 [info] Keybindings: No changes found during synchronizing keybindings.
2023-03-27 21:07:53.633 [info] Snippets: No changes found during synchronizing snippets.
2023-03-27 21:07:53.646 [info] Tasks: No changes found during synchronizing tasks.
2023-03-27 21:07:53.659 [info] GlobalState: No changes found during synchronizing ui state.
2023-03-27 21:07:53.904 [info] Extensions: No changes found during synchronizing extensions.
2023-03-27 21:07:53.915 [info] Profiles: No changes found during synchronizing profiles.
2023-03-27 21:07:53.921 [info] Sync done. Took 739ms
2023-03-27 21:12:53.938 [info] Auto Sync: Triggered by Interval
2023-03-27 21:12:53.939 [info] Sync started.
2023-03-27 21:12:54.325 [info] Settings: No changes found during synchronizing settings.
2023-03-27 21:12:54.347 [info] Keybindings: No changes found during synchronizing keybindings.
2023-03-27 21:12:54.363 [info] Snippets: No changes found during synchronizing snippets.
2023-03-27 21:12:54.379 [info] Tasks: No changes found during synchronizing tasks.
2023-03-27 21:12:54.391 [info] GlobalState: No changes found during synchronizing ui state.
2023-03-27 21:12:54.615 [info] Extensions: No changes found during synchronizing extensions.
2023-03-27 21:12:54.623 [info] Profiles: No changes found during synchronizing profiles.
2023-03-27 21:12:54.630 [info] Sync done. Took 692ms
2023-03-27 21:17:54.632 [info] Auto Sync: Triggered by Interval
2023-03-27 21:17:54.635 [info] Sync started.
2023-03-27 21:17:55.043 [info] Settings: No changes found during synchronizing settings.
2023-03-27 21:17:55.071 [info] Keybindings: No changes found during synchronizing keybindings.
2023-03-27 21:17:55.126 [info] Snippets: No changes found during synchronizing snippets.
2023-03-27 21:17:55.144 [info] Tasks: No changes found during synchronizing tasks.
2023-03-27 21:17:55.179 [info] GlobalState: No changes found during synchronizing ui state.
2023-03-27 21:17:55.759 [info] Extensions: No changes found during synchronizing extensions.
2023-03-27 21:17:55.771 [info] Profiles: No changes found during synchronizing profiles.
2023-03-27 21:17:55.784 [info] Sync done. Took 1149ms
2023-03-27 21:22:55.784 [info] Auto Sync: Triggered by Interval
2023-03-27 21:22:55.786 [info] Sync started.
2023-03-27 21:22:56.199 [info] Settings: No changes found during synchronizing settings.
2023-03-27 21:22:56.219 [info] Keybindings: No changes found during synchronizing keybindings.
2023-03-27 21:22:56.233 [info] Snippets: No changes found during synchronizing snippets.
2023-03-27 21:22:56.241 [info] Tasks: No changes found during synchronizing tasks.
2023-03-27 21:22:56.258 [info] GlobalState: No changes found during synchronizing ui state.
2023-03-27 21:22:56.470 [info] Extensions: No changes found during synchronizing extensions.
2023-03-27 21:22:56.478 [info] Profiles: No changes found during synchronizing profiles.
2023-03-27 21:22:56.486 [info] Sync done. Took 703ms
2023-03-27 21:27:56.488 [info] Auto Sync: Triggered by Interval
2023-03-27 21:27:56.489 [info] Sync started.
2023-03-27 21:27:56.860 [info] Settings: No changes found during synchronizing settings.
2023-03-27 21:27:56.882 [info] Keybindings: No changes found during synchronizing keybindings.
2023-03-27 21:27:56.901 [info] Snippets: No changes found during synchronizing snippets.
2023-03-27 21:27:56.929 [info] Tasks: No changes found during synchronizing tasks.
2023-03-27 21:27:56.960 [info] GlobalState: No changes found during synchronizing ui state.
2023-03-27 21:27:57.190 [info] Extensions: No changes found during synchronizing extensions.
2023-03-27 21:27:57.196 [info] Profiles: No changes found during synchronizing profiles.
2023-03-27 21:27:57.203 [info] Sync done. Took 716ms
2023-03-27 21:32:57.205 [info] Auto Sync: Triggered by Interval
2023-03-27 21:32:57.206 [info] Sync started.
2023-03-27 21:32:57.478 [info] Settings: No changes found during synchronizing settings.
2023-03-27 21:32:57.503 [info] Keybindings: No changes found during synchronizing keybindings.
2023-03-27 21:32:57.533 [info] Snippets: No changes found during synchronizing snippets.
2023-03-27 21:32:57.548 [info] Tasks: No changes found during synchronizing tasks.
2023-03-27 21:32:57.559 [info] GlobalState: No changes found during synchronizing ui state.
2023-03-27 21:32:57.781 [info] Extensions: No changes found during synchronizing extensions.
2023-03-27 21:32:57.787 [info] Profiles: No changes found during synchronizing profiles.
2023-03-27 21:32:57.792 [info] Sync done. Took 589ms
2023-03-27 21:37:57.794 [info] Auto Sync: Triggered by Interval
2023-03-27 21:37:57.795 [info] Sync started.
2023-03-27 21:37:58.186 [info] Settings: No changes found during synchronizing settings.
2023-03-27 21:37:58.216 [info] Keybindings: No changes found during synchronizing keybindings.
2023-03-27 21:37:58.242 [info] Snippets: No changes found during synchronizing snippets.
2023-03-27 21:37:58.250 [info] Tasks: No changes found during synchronizing tasks.
2023-03-27 21:37:58.266 [info] GlobalState: No changes found during synchronizing ui state.
2023-03-27 21:37:58.487 [info] Extensions: No changes found during synchronizing extensions.
2023-03-27 21:37:58.492 [info] Profiles: No changes found during synchronizing profiles.
2023-03-27 21:37:58.498 [info] Sync done. Took 705ms
2023-03-27 21:42:58.500 [info] Auto Sync: Triggered by Interval
2023-03-27 21:42:58.501 [info] Sync started.
2023-03-27 21:42:58.839 [info] Settings: No changes found during synchronizing settings.
2023-03-27 21:42:58.860 [info] Keybindings: No changes found during synchronizing keybindings.
2023-03-27 21:42:58.879 [info] Snippets: No changes found during synchronizing snippets.
2023-03-27 21:42:58.891 [info] Tasks: No changes found during synchronizing tasks.
2023-03-27 21:42:58.909 [info] GlobalState: No changes found during synchronizing ui state.
2023-03-27 21:42:59.141 [info] Extensions: No changes found during synchronizing extensions.
2023-03-27 21:42:59.146 [info] Profiles: No changes found during synchronizing profiles.
2023-03-27 21:42:59.151 [info] Sync done. Took 652ms
2023-03-27 21:47:59.153 [info] Auto Sync: Triggered by Interval
2023-03-27 21:47:59.154 [info] Sync started.
2023-03-27 21:47:59.379 [info] Settings: No changes found during synchronizing settings.
2023-03-27 21:47:59.393 [info] Keybindings: No changes found during synchronizing keybindings.
2023-03-27 21:47:59.409 [info] Snippets: No changes found during synchronizing snippets.
2023-03-27 21:47:59.423 [info] Tasks: No changes found during synchronizing tasks.
2023-03-27 21:47:59.435 [info] GlobalState: No changes found during synchronizing ui state.
2023-03-27 21:47:59.638 [info] Extensions: No changes found during synchronizing extensions.
2023-03-27 21:47:59.644 [info] Profiles: No changes found during synchronizing profiles.
2023-03-27 21:47:59.654 [info] Sync done. Took 501ms
2023-03-27 21:52:59.656 [info] Auto Sync: Triggered by Interval
2023-03-27 21:52:59.657 [info] Sync started.
2023-03-27 21:53:00.038 [info] Settings: No changes found during synchronizing settings.
2023-03-27 21:53:00.060 [info] Keybindings: No changes found during synchronizing keybindings.
2023-03-27 21:53:00.084 [info] Snippets: No changes found during synchronizing snippets.
2023-03-27 21:53:00.091 [info] Tasks: No changes found during synchronizing tasks.
2023-03-27 21:53:00.101 [info] GlobalState: No changes found during synchronizing ui state.
2023-03-27 21:53:00.243 [info] Extensions: No changes found during synchronizing extensions.
2023-03-27 21:53:00.250 [info] Profiles: No changes found during synchronizing profiles.
2023-03-27 21:53:00.255 [info] Sync done. Took 600ms
2023-03-27 21:58:00.257 [info] Auto Sync: Triggered by Interval
2023-03-27 21:58:00.258 [info] Sync started.
2023-03-27 21:58:00.696 [info] Settings: No changes found during synchronizing settings.
2023-03-27 21:58:00.716 [info] Keybindings: No changes found during synchronizing keybindings.
2023-03-27 21:58:00.739 [info] Snippets: No changes found during synchronizing snippets.
2023-03-27 21:58:00.765 [info] Tasks: No changes found during synchronizing tasks.
2023-03-27 21:58:00.775 [info] GlobalState: No changes found during synchronizing ui state.
2023-03-27 21:58:00.985 [info] Extensions: No changes found during synchronizing extensions.
2023-03-27 21:58:00.991 [info] Profiles: No changes found during synchronizing profiles.
2023-03-27 21:58:00.997 [info] Sync done. Took 741ms
2023-03-27 22:03:00.999 [info] Auto Sync: Triggered by Interval
2023-03-27 22:03:00.999 [info] Sync started.
2023-03-27 22:03:01.266 [info] Settings: No changes found during synchronizing settings.
2023-03-27 22:03:01.290 [info] Keybindings: No changes found during synchronizing keybindings.
2023-03-27 22:03:01.310 [info] Snippets: No changes found during synchronizing snippets.
2023-03-27 22:03:01.319 [info] Tasks: No changes found during synchronizing tasks.
2023-03-27 22:03:01.331 [info] GlobalState: No changes found during synchronizing ui state.
2023-03-27 22:03:01.579 [info] Extensions: No changes found during synchronizing extensions.
2023-03-27 22:03:01.586 [info] Profiles: No changes found during synchronizing profiles.
2023-03-27 22:03:01.596 [info] Sync done. Took 599ms
2023-03-27 22:08:01.599 [info] Auto Sync: Triggered by Interval
2023-03-27 22:08:01.599 [info] Sync started.
2023-03-27 22:08:01.865 [info] Settings: No changes found during synchronizing settings.
2023-03-27 22:08:01.885 [info] Keybindings: No changes found during synchronizing keybindings.
2023-03-27 22:08:01.908 [info] Snippets: No changes found during synchronizing snippets.
2023-03-27 22:08:01.918 [info] Tasks: No changes found during synchronizing tasks.
2023-03-27 22:08:01.932 [info] GlobalState: No changes found during synchronizing ui state.
2023-03-27 22:08:02.127 [info] Extensions: No changes found during synchronizing extensions.
2023-03-27 22:08:02.133 [info] Profiles: No changes found during synchronizing profiles.
2023-03-27 22:08:02.139 [info] Sync done. Took 541ms
