2023-03-27 21:05:02.398 [info] Уровень ведения журнала: Info
2023-03-27 21:05:02.399 [info] Проверка найденного Git в: "git"
2023-03-27 21:05:02.399 [info] Используется Git "2.34.1" из "git"
2023-03-27 21:05:02.399 [info] > git rev-parse --show-toplevel [7ms]
2023-03-27 21:05:02.399 [info] > git rev-parse --git-dir --git-common-dir [11ms]
2023-03-27 21:05:02.424 [info] Open repository: /home/m_lomakin/test/Project
2023-03-27 21:05:02.504 [info] > git rev-parse --show-toplevel [61ms]
2023-03-27 21:05:02.539 [info] > git rev-parse --show-toplevel [17ms]
2023-03-27 21:05:02.557 [info] > git config --get commit.template [53ms]
2023-03-27 21:05:02.600 [info] > git rev-parse --show-toplevel [44ms]
2023-03-27 21:05:02.612 [info] > git for-each-ref --format=%(refname)%00%(upstream:short)%00%(objectname)%00%(upstream:track)%00%(upstream:remotename)%00%(upstream:remoteref) refs/heads/master refs/remotes/master [15ms]
2023-03-27 21:05:02.637 [info] > git status -z -uall [4ms]
2023-03-27 21:05:02.741 [info] > git config --get commit.template [65ms]
2023-03-27 21:05:02.790 [info] > git for-each-ref --format=%(refname)%00%(upstream:short)%00%(objectname)%00%(upstream:track)%00%(upstream:remotename)%00%(upstream:remoteref) refs/heads/master refs/remotes/master [12ms]
2023-03-27 21:05:02.818 [info] > git status -z -uall [11ms]
2023-03-27 21:05:03.044 [info] > git check-ignore -v -z --stdin [5ms]
2023-03-27 21:05:03.240 [info] > git show --textconv :index.html [29ms]
2023-03-27 21:05:03.258 [info] > git ls-files --stage -- /home/m_lomakin/test/Project/index.html [19ms]
2023-03-27 21:05:03.301 [info] > git cat-file -s d2f690d610247e1517d2c650a098cb01da28bfce [5ms]
2023-03-27 21:05:03.562 [info] > git fetch [1139ms]
2023-03-27 21:05:03.584 [info] > git config --get commit.template [11ms]
2023-03-27 21:05:03.587 [info] > git for-each-ref --format=%(refname)%00%(upstream:short)%00%(objectname)%00%(upstream:track)%00%(upstream:remotename)%00%(upstream:remoteref) refs/heads/master refs/remotes/master [4ms]
2023-03-27 21:05:03.598 [info] > git status -z -uall [2ms]
2023-03-27 21:05:04.682 [info] > git config --get commit.template [1ms]
2023-03-27 21:05:04.694 [info] > git for-each-ref --format=%(refname)%00%(upstream:short)%00%(objectname)%00%(upstream:track)%00%(upstream:remotename)%00%(upstream:remoteref) refs/heads/master refs/remotes/master [1ms]
2023-03-27 21:05:04.706 [info] > git status -z -uall [3ms]
2023-03-27 21:05:04.796 [info] > git ls-files --stage -- /home/m_lomakin/test/Project/index.html [3ms]
2023-03-27 21:05:04.815 [info] > git cat-file -s d2f690d610247e1517d2c650a098cb01da28bfce [6ms]
2023-03-27 21:05:04.838 [info] > git show --textconv :index.html [6ms]
2023-03-27 21:07:50.287 [info] > git for-each-ref --format=%(refname)%00%(upstream:short)%00%(objectname)%00%(upstream:track)%00%(upstream:remotename)%00%(upstream:remoteref) refs/heads/master refs/remotes/master [24ms]
2023-03-27 21:07:50.288 [info] > git config --get commit.template [40ms]
2023-03-27 21:07:50.303 [info] > git ls-files --stage -- /home/m_lomakin/test/Project/index.html [19ms]
2023-03-27 21:07:50.320 [info] > git status -z -uall [18ms]
2023-03-27 21:07:50.325 [info] > git cat-file -s bc8e40e34cb0f51d7da31be4dde61474232ccc93 [6ms]
2023-03-27 21:07:50.354 [info] > git show --textconv :index.html [7ms]
2023-03-27 21:39:57.267 [info] > git check-ignore -v -z --stdin [4ms]
