2023-03-27 13:42:11.735 [info] Reading sessions from keychain...
2023-03-27 13:42:11.735 [info] Getting sessions for user:email...
2023-03-27 13:42:11.735 [info] Got 0 sessions for user:email...
2023-03-27 13:42:11.938 [info] Getting sessions for all scopes...
2023-03-27 13:42:11.938 [info] Got 0 sessions for ...
2023-03-27 13:42:11.995 [info] Getting sessions for all scopes...
2023-03-27 13:42:11.995 [info] Got 0 sessions for ...
2023-03-27 13:43:37.645 [info] Getting sessions for user:email...
2023-03-27 13:43:37.645 [info] Got 0 sessions for user:email...
2023-03-27 13:43:39.997 [info] Logging in for the following scopes: user:email
2023-03-27 13:43:40.000 [info] Trying without local server... (user:email)
2023-03-27 13:44:06.620 [info] Exchanging code for token...
2023-03-27 13:44:07.428 [info] Token exchange success!
2023-03-27 13:44:07.447 [info] Getting user info...
2023-03-27 13:44:07.887 [info] Got account info!
2023-03-27 13:44:07.889 [info] Storing 1 sessions...
2023-03-27 13:44:08.158 [info] Reading sessions from keychain...
2023-03-27 13:44:08.158 [info] Stored 1 sessions!
2023-03-27 13:44:08.159 [info] Login success!
2023-03-27 13:44:08.165 [info] Getting sessions for user:email...
2023-03-27 13:44:08.172 [info] Getting sessions for user:email...
2023-03-27 13:44:08.177 [info] Got stored sessions!
2023-03-27 13:44:08.177 [info] Got 1 verified sessions.
2023-03-27 13:44:08.178 [info] Got 1 sessions for user:email...
2023-03-27 13:44:08.178 [info] Got 1 sessions for user:email...
2023-03-27 13:44:08.564 [info] Getting user info...
2023-03-27 13:44:08.977 [info] Got account info!
2023-03-27 13:46:43.192 [info] Reading sessions from keychain...
2023-03-27 13:46:43.192 [info] Getting sessions for user:email...
2023-03-27 13:46:43.192 [info] Got stored sessions!
2023-03-27 13:46:43.192 [info] Got 1 verified sessions.
2023-03-27 13:46:43.192 [info] Got 1 sessions for user:email...
2023-03-27 13:46:43.455 [info] Getting sessions for all scopes...
2023-03-27 13:46:43.455 [info] Got 1 sessions for ...
2023-03-27 13:46:43.506 [info] Getting sessions for all scopes...
2023-03-27 13:46:43.507 [info] Got 1 sessions for ...
2023-03-27 13:46:44.480 [info] Getting user info...
2023-03-27 13:46:44.860 [info] Got account info!
