2023-03-27 15:26:07.432 [info] Reading sessions from keychain...
2023-03-27 15:26:07.432 [info] Getting sessions for user:email...
2023-03-27 15:26:07.432 [info] Got stored sessions!
2023-03-27 15:26:07.432 [info] Got 2 verified sessions.
2023-03-27 15:26:07.432 [info] Got 1 sessions for user:email...
2023-03-27 15:26:07.671 [info] Getting sessions for all scopes...
2023-03-27 15:26:07.672 [info] Got 2 sessions for ...
2023-03-27 15:26:08.127 [info] Getting sessions for all scopes...
2023-03-27 15:26:08.127 [info] Got 2 sessions for ...
2023-03-27 15:26:08.619 [info] Getting user info...
2023-03-27 15:26:09.233 [info] Got account info!
2023-03-27 15:29:33.486 [info] Reading sessions from keychain...
2023-03-27 15:29:33.486 [info] Got stored sessions!
2023-03-27 15:29:33.486 [info] Got 2 verified sessions.
2023-03-27 15:29:33.486 [info] Getting sessions for user:email...
2023-03-27 15:29:33.486 [info] Got 1 sessions for user:email...
2023-03-27 15:29:33.486 [info] Getting sessions for all scopes...
2023-03-27 15:29:33.486 [info] Got 2 sessions for ...
2023-03-27 15:29:33.735 [info] Getting sessions for all scopes...
2023-03-27 15:29:33.735 [info] Got 2 sessions for ...
2023-03-27 15:29:35.125 [info] Getting user info...
2023-03-27 15:29:35.545 [info] Got account info!
