2023-03-27 12:48:08.060 [info] Extension host with pid 3304 started
2023-03-27 12:48:08.060 [info] Skipping acquiring lock for /home/m_lomakin/.config/Code/User/workspaceStorage/24bd18e563c2897daa0eafb740756faf.
2023-03-27 12:48:09.296 [info] ExtensionService#_doActivateExtension vscode.emmet, startup: false, activationEvent: 'onLanguage'
2023-03-27 12:48:09.300 [info] ExtensionService#_doActivateExtension vscode.html-language-features, startup: false, activationEvent: 'onLanguage:html'
2023-03-27 12:48:09.302 [info] ExtensionService#_doActivateExtension vscode.github-authentication, startup: false, activationEvent: 'onAuthenticationRequest:github'
2023-03-27 12:48:09.306 [info] ExtensionService#_doActivateExtension vscode.git-base, startup: true, activationEvent: '*', root cause: vscode.git
2023-03-27 12:48:11.771 [info] ExtensionService#_doActivateExtension vscode.git, startup: true, activationEvent: '*'
2023-03-27 12:48:11.774 [info] ExtensionService#_doActivateExtension vscode.github, startup: true, activationEvent: '*'
2023-03-27 12:48:11.786 [info] ExtensionService#_doActivateExtension vscode.microsoft-authentication, startup: false, activationEvent: 'onAuthenticationRequest:microsoft'
2023-03-27 12:48:12.314 [info] Eager extensions activated
2023-03-27 12:48:12.394 [info] ExtensionService#_doActivateExtension vscode.debug-auto-launch, startup: false, activationEvent: 'onStartupFinished'
2023-03-27 12:48:12.400 [info] ExtensionService#_doActivateExtension vscode.merge-conflict, startup: false, activationEvent: 'onStartupFinished'
2023-03-27 12:49:24.721 [info] Extension host terminating: renderer closed the MessagePort
2023-03-27 12:49:24.745 [error] Canceled: Canceled
	at new u (/usr/share/code/resources/app/out/vs/workbench/api/node/extensionHostProcess.js:96:88070)
	at l.O (/usr/share/code/resources/app/out/vs/workbench/api/node/extensionHostProcess.js:106:11276)
	at V.<computed>.M.charCodeAt.V.<computed> (/usr/share/code/resources/app/out/vs/workbench/api/node/extensionHostProcess.js:106:8557)
	at s.g (/usr/share/code/resources/app/out/vs/workbench/api/node/extensionHostProcess.js:96:107430)
	at s.executeCommand (/usr/share/code/resources/app/out/vs/workbench/api/node/extensionHostProcess.js:96:106806)
	at w.registerCommand.description (/usr/share/code/resources/app/out/vs/workbench/api/node/extensionHostProcess.js:96:106099)
	at s.h (/usr/share/code/resources/app/out/vs/workbench/api/node/extensionHostProcess.js:96:108016)
	at s.g (/usr/share/code/resources/app/out/vs/workbench/api/node/extensionHostProcess.js:96:106906)
	at s.executeCommand (/usr/share/code/resources/app/out/vs/workbench/api/node/extensionHostProcess.js:96:106806)
	at Object.executeCommand (/usr/share/code/resources/app/out/vs/workbench/api/node/extensionHostProcess.js:117:30778)
	at D (/usr/share/code/resources/app/extensions/git/dist/main.js:2:2055373)
	at f.invoke (/usr/share/code/resources/app/out/vs/workbench/api/node/extensionHostProcess.js:63:145)
	at g.deliver (/usr/share/code/resources/app/out/vs/workbench/api/node/extensionHostProcess.js:63:2029)
	at d.fire (/usr/share/code/resources/app/out/vs/workbench/api/node/extensionHostProcess.js:63:1667)
	at Object.h [as dispose] (/usr/share/code/resources/app/extensions/git/dist/main.js:2:2070210)
	at /usr/share/code/resources/app/extensions/git/dist/main.js:2:2074277
	at Array.forEach (<anonymous>)
	at g.dispose (/usr/share/code/resources/app/extensions/git/dist/main.js:2:2074263)
	at C.<anonymous> (/usr/share/code/resources/app/out/vs/workbench/api/node/extensionHostProcess.js:94:12431)
	at C.dispose (/usr/share/code/resources/app/out/vs/workbench/api/node/extensionHostProcess.js:94:12566)
	at C.<anonymous> (/usr/share/code/resources/app/extensions/git/dist/main.js:2:2057503)
	at C.dispose (/usr/share/code/resources/app/out/vs/workbench/api/node/extensionHostProcess.js:94:12566)
	at T (/usr/share/code/resources/app/out/vs/workbench/api/node/extensionHostProcess.js:10:12072)
	at f.X (/usr/share/code/resources/app/out/vs/workbench/api/node/extensionHostProcess.js:108:11242)
	at /usr/share/code/resources/app/out/vs/workbench/api/node/extensionHostProcess.js:108:9037
	at Array.map (<anonymous>)
	at f.Q (/usr/share/code/resources/app/out/vs/workbench/api/node/extensionHostProcess.js:108:9024)
	at f.terminate (/usr/share/code/resources/app/out/vs/workbench/api/node/extensionHostProcess.js:108:9298)
	at h.terminate (/usr/share/code/resources/app/out/vs/workbench/api/node/extensionHostProcess.js:112:1397)
	at p (/usr/share/code/resources/app/out/vs/workbench/api/node/extensionHostProcess.js:122:17851)
	at MessagePortMain.<anonymous> (/usr/share/code/resources/app/out/vs/workbench/api/node/extensionHostProcess.js:122:13990)
	at MessagePortMain.emit (node:events:526:28)
	at MessagePortMain._internalPort.emit (node:electron/js2c/utility_init:5:364) setContext undefined
2023-03-27 12:49:24.767 [info] Extension host with pid 3304 exiting with code 0
2023-03-27 12:49:27.725 [info] Extension host with pid 3426 started
2023-03-27 12:49:27.926 [info] ExtensionService#_doActivateExtension vscode.emmet, startup: false, activationEvent: 'onLanguage'
2023-03-27 12:49:27.927 [info] ExtensionService#_doActivateExtension vscode.git-base, startup: true, activationEvent: '*', root cause: vscode.git
2023-03-27 12:49:28.309 [info] ExtensionService#_doActivateExtension vscode.git, startup: true, activationEvent: '*'
2023-03-27 12:49:28.311 [info] ExtensionService#_doActivateExtension vscode.github, startup: true, activationEvent: '*'
2023-03-27 12:49:28.332 [info] ExtensionService#_doActivateExtension vscode.github-authentication, startup: false, activationEvent: 'onAuthenticationRequest:github'
2023-03-27 12:49:28.704 [info] Eager extensions activated
2023-03-27 12:49:28.861 [info] ExtensionService#_doActivateExtension vscode.debug-auto-launch, startup: false, activationEvent: 'onStartupFinished'
2023-03-27 12:49:28.863 [info] ExtensionService#_doActivateExtension vscode.merge-conflict, startup: false, activationEvent: 'onStartupFinished'
2023-03-27 12:49:29.179 [info] ExtensionService#_doActivateExtension vscode.microsoft-authentication, startup: false, activationEvent: 'onAuthenticationRequest:microsoft'
2023-03-27 12:51:36.494 [info] Extension host terminating: renderer closed the MessagePort
2023-03-27 12:51:36.529 [info] Extension host with pid 3426 exiting with code 0
2023-03-27 12:51:39.930 [info] Extension host with pid 3527 started
2023-03-27 12:51:39.938 [info] Skipping acquiring lock for /home/m_lomakin/.config/Code/User/workspaceStorage/f48f8225eeeaf3988626eff26ff2e790.
2023-03-27 12:51:40.035 [info] ExtensionService#_doActivateExtension vscode.emmet, startup: false, activationEvent: 'onLanguage'
2023-03-27 12:51:40.046 [info] ExtensionService#_doActivateExtension vscode.git-base, startup: true, activationEvent: '*', root cause: vscode.git
2023-03-27 12:51:40.090 [info] ExtensionService#_doActivateExtension vscode.github-authentication, startup: false, activationEvent: 'onAuthenticationRequest:github'
2023-03-27 12:51:40.661 [info] ExtensionService#_doActivateExtension vscode.git, startup: true, activationEvent: '*'
2023-03-27 12:51:40.664 [info] ExtensionService#_doActivateExtension vscode.github, startup: true, activationEvent: '*'
2023-03-27 12:51:40.705 [info] ExtensionService#_doActivateExtension vscode.microsoft-authentication, startup: false, activationEvent: 'onAuthenticationRequest:microsoft'
2023-03-27 12:51:41.058 [info] Eager extensions activated
2023-03-27 12:51:41.132 [info] ExtensionService#_doActivateExtension vscode.debug-auto-launch, startup: false, activationEvent: 'onStartupFinished'
2023-03-27 12:51:41.133 [info] ExtensionService#_doActivateExtension vscode.merge-conflict, startup: false, activationEvent: 'onStartupFinished'
2023-03-27 13:10:21.309 [info] ExtensionService#_doActivateExtension vscode.html-language-features, startup: false, activationEvent: 'onLanguage:html'
2023-03-27 13:13:56.558 [warning] Using default string since no string found in i18n bundle that has the key: There are no staged changes to commit.

Would you like to stage all your changes and commit them directly?
2023-03-27 13:28:27.622 [info] Extension host terminating: renderer closed the MessagePort
2023-03-27 13:28:27.638 [error] Canceled: Canceled
	at new u (/usr/share/code/resources/app/out/vs/workbench/api/node/extensionHostProcess.js:96:88070)
	at l.O (/usr/share/code/resources/app/out/vs/workbench/api/node/extensionHostProcess.js:106:11276)
	at V.<computed>.M.charCodeAt.V.<computed> (/usr/share/code/resources/app/out/vs/workbench/api/node/extensionHostProcess.js:106:8557)
	at s.g (/usr/share/code/resources/app/out/vs/workbench/api/node/extensionHostProcess.js:96:107430)
	at s.executeCommand (/usr/share/code/resources/app/out/vs/workbench/api/node/extensionHostProcess.js:96:106806)
	at w.registerCommand.description (/usr/share/code/resources/app/out/vs/workbench/api/node/extensionHostProcess.js:96:106099)
	at s.h (/usr/share/code/resources/app/out/vs/workbench/api/node/extensionHostProcess.js:96:108016)
	at s.g (/usr/share/code/resources/app/out/vs/workbench/api/node/extensionHostProcess.js:96:106906)
	at s.executeCommand (/usr/share/code/resources/app/out/vs/workbench/api/node/extensionHostProcess.js:96:106806)
	at Object.executeCommand (/usr/share/code/resources/app/out/vs/workbench/api/node/extensionHostProcess.js:117:30778)
	at D (/usr/share/code/resources/app/extensions/git/dist/main.js:2:2055373)
	at f.invoke (/usr/share/code/resources/app/out/vs/workbench/api/node/extensionHostProcess.js:63:145)
	at g.deliver (/usr/share/code/resources/app/out/vs/workbench/api/node/extensionHostProcess.js:63:2029)
	at d.fire (/usr/share/code/resources/app/out/vs/workbench/api/node/extensionHostProcess.js:63:1667)
	at Object.h [as dispose] (/usr/share/code/resources/app/extensions/git/dist/main.js:2:2070210)
	at /usr/share/code/resources/app/extensions/git/dist/main.js:2:2074277
	at Array.forEach (<anonymous>)
	at g.dispose (/usr/share/code/resources/app/extensions/git/dist/main.js:2:2074263)
	at C.<anonymous> (/usr/share/code/resources/app/out/vs/workbench/api/node/extensionHostProcess.js:94:12431)
	at C.dispose (/usr/share/code/resources/app/out/vs/workbench/api/node/extensionHostProcess.js:94:12566)
	at C.<anonymous> (/usr/share/code/resources/app/extensions/git/dist/main.js:2:2057503)
	at C.dispose (/usr/share/code/resources/app/out/vs/workbench/api/node/extensionHostProcess.js:94:12566)
	at T (/usr/share/code/resources/app/out/vs/workbench/api/node/extensionHostProcess.js:10:12072)
	at f.X (/usr/share/code/resources/app/out/vs/workbench/api/node/extensionHostProcess.js:108:11242)
	at /usr/share/code/resources/app/out/vs/workbench/api/node/extensionHostProcess.js:108:9037
	at Array.map (<anonymous>)
	at f.Q (/usr/share/code/resources/app/out/vs/workbench/api/node/extensionHostProcess.js:108:9024)
	at f.terminate (/usr/share/code/resources/app/out/vs/workbench/api/node/extensionHostProcess.js:108:9298)
	at h.terminate (/usr/share/code/resources/app/out/vs/workbench/api/node/extensionHostProcess.js:112:1397)
	at p (/usr/share/code/resources/app/out/vs/workbench/api/node/extensionHostProcess.js:122:17851)
	at MessagePortMain.<anonymous> (/usr/share/code/resources/app/out/vs/workbench/api/node/extensionHostProcess.js:122:13990)
	at MessagePortMain.emit (node:events:526:28)
	at MessagePortMain._internalPort.emit (node:electron/js2c/utility_init:5:364) setContext undefined
2023-03-27 13:28:27.663 [info] Extension host with pid 3527 exiting with code 0
