2023-03-27 15:26:00.848 [info] Added views:workbench.panel.markers.view in workbench.panel.markers
2023-03-27 15:26:00.848 [info] Added views:workbench.panel.output in workbench.panel.output
2023-03-27 15:26:00.848 [info] Added views:terminal in terminal
2023-03-27 15:26:00.848 [info] Added views:outline in workbench.view.explorer
2023-03-27 15:26:00.848 [info] Added views:workbench.scm in workbench.view.scm
2023-03-27 15:26:00.848 [info] Added views:workbench.view.search in workbench.view.search
2023-03-27 15:26:00.848 [info] Added views:timeline in workbench.view.explorer
2023-03-27 15:26:00.848 [info] Added views:workbench.explorer.fileView in workbench.view.explorer
2023-03-27 15:26:01.721 [info] Added views:workbench.debug.welcome in workbench.view.debug
2023-03-27 15:26:02.138 [info] Added views:workbench.panel.repl.view in workbench.panel.repl
2023-03-27 15:26:05.084 [info] Added views:workbench.scm.repositories in workbench.view.scm
2023-03-27 15:29:29.318 [info] Removed views:workbench.scm.repositories from workbench.view.scm
2023-03-27 15:29:30.735 [info] Added views:workbench.panel.markers.view in workbench.panel.markers
2023-03-27 15:29:30.735 [info] Added views:workbench.panel.output in workbench.panel.output
2023-03-27 15:29:30.735 [info] Added views:terminal in terminal
2023-03-27 15:29:30.735 [info] Added views:outline in workbench.view.explorer
2023-03-27 15:29:30.735 [info] Added views:workbench.scm in workbench.view.scm
2023-03-27 15:29:30.735 [info] Added views:workbench.view.search in workbench.view.search
2023-03-27 15:29:30.735 [info] Added views:timeline in workbench.view.explorer
2023-03-27 15:29:30.735 [info] Added views:workbench.explorer.emptyView in workbench.view.explorer
2023-03-27 15:29:32.012 [info] Added views:workbench.debug.variablesView,workbench.debug.watchExpressionsView,workbench.debug.callStackView,workbench.debug.breakPointsView in workbench.view.debug
2023-03-27 15:29:32.738 [info] Added views:workbench.panel.repl.view in workbench.panel.repl
2023-03-27 15:29:32.742 [info] Removed views:workbench.debug.breakPointsView,workbench.debug.callStackView,workbench.debug.watchExpressionsView,workbench.debug.variablesView from workbench.view.debug
2023-03-27 15:29:32.744 [info] Added views:workbench.debug.welcome in workbench.view.debug
