2023-03-27 15:30:42.674 [info] Уровень ведения журнала: Info
2023-03-27 15:30:42.674 [info] Проверка найденного Git в: "git"
2023-03-27 15:30:42.674 [info] Используется Git "2.34.1" из "git"
2023-03-27 15:30:42.674 [info] > git rev-parse --show-toplevel [7ms]
2023-03-27 15:30:42.675 [info] > git rev-parse --git-dir --git-common-dir [3ms]
2023-03-27 15:30:42.675 [info] Open repository: /home/m_lomakin/test/Project/Project
2023-03-27 15:30:42.675 [info] > git rev-parse --show-toplevel [15ms]
2023-03-27 15:30:42.675 [info] > git config --get commit.template [11ms]
2023-03-27 15:30:42.675 [info] > git for-each-ref --format=%(refname)%00%(upstream:short)%00%(objectname)%00%(upstream:track)%00%(upstream:remotename)%00%(upstream:remoteref) refs/heads/main refs/remotes/main [15ms]
2023-03-27 15:30:42.675 [info] > git status -z -uall [11ms]
2023-03-27 15:30:42.675 [info] > git config --get commit.template [23ms]
2023-03-27 15:30:42.703 [info] > git for-each-ref --format=%(refname)%00%(upstream:short)%00%(objectname)%00%(upstream:track)%00%(upstream:remotename)%00%(upstream:remoteref) refs/heads/main refs/remotes/main [29ms]
2023-03-27 15:30:42.716 [info] > git status -z -uall [5ms]
2023-03-27 15:30:43.358 [info] > git check-ignore -v -z --stdin [9ms]
2023-03-27 15:30:46.116 [info] > git check-ignore -v -z --stdin [3ms]
2023-03-27 15:30:48.786 [info] > git show --textconv :Project/index.html [22ms]
2023-03-27 15:30:48.958 [info] > git ls-files --stage -- /home/m_lomakin/test/Project/Project/Project/index.html [173ms]
2023-03-27 15:30:49.021 [info] > git cat-file -s 56efbdba61ff12f90f864930b9a85eac0259666d [24ms]
2023-03-27 15:31:05.048 [info] > git check-ignore -v -z --stdin [3ms]
2023-03-27 15:31:05.609 [info] > git config --get commit.template [4ms]
2023-03-27 15:31:05.636 [info] > git for-each-ref --format=%(refname)%00%(upstream:short)%00%(objectname)%00%(upstream:track)%00%(upstream:remotename)%00%(upstream:remoteref) refs/heads/main refs/remotes/main [5ms]
2023-03-27 15:31:05.665 [info] > git status -z -uall [3ms]
2023-03-27 15:31:14.937 [info] > git config --get commit.template [21ms]
2023-03-27 15:31:14.939 [info] > git for-each-ref --format=%(refname)%00%(upstream:short)%00%(objectname)%00%(upstream:track)%00%(upstream:remotename)%00%(upstream:remoteref) refs/heads/main refs/remotes/main [5ms]
2023-03-27 15:31:14.958 [info] > git status -z -uall [4ms]
2023-03-27 15:31:32.966 [info] > git log --oneline --cherry main...main@{upstream} -- [6ms]
2023-03-27 15:31:33.691 [info] > git pull --tags origin main [705ms]
2023-03-27 15:31:33.692 [info] Из https://github.com/m-lomakin/Project
 * branch            main       -> FETCH_HEAD
2023-03-27 15:31:33.736 [info] > git for-each-ref --format=%(refname)%00%(upstream:short)%00%(objectname)%00%(upstream:track)%00%(upstream:remotename)%00%(upstream:remoteref) refs/heads/main refs/remotes/main [9ms]
2023-03-27 15:31:33.738 [info] > git config --get commit.template [23ms]
2023-03-27 15:31:33.760 [info] > git status -z -uall [7ms]
2023-03-27 15:31:34.927 [info] > git for-each-ref --format=%(refname)%00%(upstream:short)%00%(objectname)%00%(upstream:track)%00%(upstream:remotename)%00%(upstream:remoteref) refs/heads/main refs/remotes/main [1ms]
2023-03-27 15:31:34.928 [info] > git config --get commit.template [27ms]
2023-03-27 15:31:34.951 [info] > git status -z -uall [7ms]
2023-03-27 15:31:35.003 [info] > git ls-files --stage -- /home/m_lomakin/test/Project/Project/Project/index.html [3ms]
2023-03-27 15:31:35.017 [info] > git cat-file -s 56efbdba61ff12f90f864930b9a85eac0259666d [2ms]
2023-03-27 15:31:35.039 [info] > git show --textconv :Project/index.html [2ms]
2023-03-27 15:31:44.598 [info] > git fetch [635ms]
2023-03-27 15:31:44.633 [info] > git for-each-ref --format=%(refname)%00%(upstream:short)%00%(objectname)%00%(upstream:track)%00%(upstream:remotename)%00%(upstream:remoteref) refs/heads/main refs/remotes/main [2ms]
2023-03-27 15:31:44.635 [info] > git config --get commit.template [18ms]
2023-03-27 15:31:44.652 [info] > git status -z -uall [2ms]
2023-03-27 15:31:45.705 [info] > git config --get commit.template [2ms]
2023-03-27 15:31:45.724 [info] > git for-each-ref --format=%(refname)%00%(upstream:short)%00%(objectname)%00%(upstream:track)%00%(upstream:remotename)%00%(upstream:remoteref) refs/heads/main refs/remotes/main [3ms]
2023-03-27 15:31:45.747 [info] > git status -z -uall [5ms]
2023-03-27 15:31:45.795 [info] > git ls-files --stage -- /home/m_lomakin/test/Project/Project/Project/index.html [0ms]
2023-03-27 15:31:45.814 [info] > git cat-file -s 56efbdba61ff12f90f864930b9a85eac0259666d [3ms]
2023-03-27 15:31:45.832 [info] > git show --textconv :Project/index.html [4ms]
2023-03-27 15:32:36.357 [info] > git log --oneline --cherry main...main@{upstream} -- [3ms]
2023-03-27 15:32:37.022 [info] > git pull --tags origin main [650ms]
2023-03-27 15:32:37.022 [info] Из https://github.com/m-lomakin/Project
 * branch            main       -> FETCH_HEAD
2023-03-27 15:32:37.064 [info] > git config --get commit.template [28ms]
2023-03-27 15:32:37.070 [info] > git for-each-ref --format=%(refname)%00%(upstream:short)%00%(objectname)%00%(upstream:track)%00%(upstream:remotename)%00%(upstream:remoteref) refs/heads/main refs/remotes/main [7ms]
2023-03-27 15:32:37.088 [info] > git status -z -uall [5ms]
2023-03-27 15:32:38.224 [info] > git ls-files --stage -- /home/m_lomakin/test/Project/Project/Project/index.html [12ms]
2023-03-27 15:32:38.242 [info] > git cat-file -s 56efbdba61ff12f90f864930b9a85eac0259666d [5ms]
2023-03-27 15:32:38.259 [info] > git show --textconv :Project/index.html [4ms]
2023-03-27 15:32:50.260 [info] > git config --get commit.template [6ms]
2023-03-27 15:32:50.286 [info] > git for-each-ref --format=%(refname)%00%(upstream:short)%00%(objectname)%00%(upstream:track)%00%(upstream:remotename)%00%(upstream:remoteref) refs/heads/main refs/remotes/main [4ms]
2023-03-27 15:32:50.310 [info] > git status -z -uall [6ms]
2023-03-27 15:32:52.303 [info] > git config --get commit.template [11ms]
2023-03-27 15:32:52.304 [info] > git for-each-ref --format=%(refname)%00%(upstream:short)%00%(objectname)%00%(upstream:track)%00%(upstream:remotename)%00%(upstream:remoteref) refs/heads/main refs/remotes/main [2ms]
2023-03-27 15:32:52.315 [info] > git status -z -uall [2ms]
2023-03-27 15:32:57.751 [info] > git push origin main:main [1217ms]
2023-03-27 15:32:57.752 [info] Everything up-to-date
2023-03-27 15:32:57.799 [info] > git config --get commit.template [21ms]
2023-03-27 15:32:57.802 [info] > git for-each-ref --format=%(refname)%00%(upstream:short)%00%(objectname)%00%(upstream:track)%00%(upstream:remotename)%00%(upstream:remoteref) refs/heads/main refs/remotes/main [5ms]
2023-03-27 15:32:57.817 [info] > git status -z -uall [2ms]
2023-03-27 15:34:45.315 [info] > git fetch [640ms]
2023-03-27 15:34:45.357 [info] > git config --get commit.template [20ms]
2023-03-27 15:34:45.359 [info] > git for-each-ref --format=%(refname)%00%(upstream:short)%00%(objectname)%00%(upstream:track)%00%(upstream:remotename)%00%(upstream:remoteref) refs/heads/main refs/remotes/main [5ms]
2023-03-27 15:34:45.385 [info] > git status -z -uall [6ms]
2023-03-27 15:34:46.513 [info] > git ls-files --stage -- /home/m_lomakin/test/Project/Project/Project/index.html [4ms]
2023-03-27 15:34:46.535 [info] > git cat-file -s 56efbdba61ff12f90f864930b9a85eac0259666d [4ms]
2023-03-27 15:34:46.565 [info] > git show --textconv :Project/index.html [5ms]
2023-03-27 15:36:11.878 [info] > git config --get commit.template [3ms]
2023-03-27 15:36:11.897 [info] > git for-each-ref --format=%(refname)%00%(upstream:short)%00%(objectname)%00%(upstream:track)%00%(upstream:remotename)%00%(upstream:remoteref) refs/heads/main refs/remotes/main [4ms]
2023-03-27 15:36:11.916 [info] > git status -z -uall [4ms]
2023-03-27 15:36:19.528 [info] > git config --get commit.template [16ms]
2023-03-27 15:36:19.530 [info] > git for-each-ref --format=%(refname)%00%(upstream:short)%00%(objectname)%00%(upstream:track)%00%(upstream:remotename)%00%(upstream:remoteref) refs/heads/main refs/remotes/main [6ms]
2023-03-27 15:36:19.556 [info] > git status -z -uall [7ms]
2023-03-27 15:36:45.067 [info] > git check-ignore -v -z --stdin [4ms]
2023-03-27 15:36:45.624 [info] > git config --get commit.template [2ms]
2023-03-27 15:36:45.641 [info] > git for-each-ref --format=%(refname)%00%(upstream:short)%00%(objectname)%00%(upstream:track)%00%(upstream:remotename)%00%(upstream:remoteref) refs/heads/main refs/remotes/main [4ms]
2023-03-27 15:36:45.655 [info] > git status -z -uall [5ms]
2023-03-27 15:36:59.004 [info] > git config --get commit.template [4ms]
2023-03-27 15:36:59.027 [info] > git for-each-ref --format=%(refname)%00%(upstream:short)%00%(objectname)%00%(upstream:track)%00%(upstream:remotename)%00%(upstream:remoteref) refs/heads/main refs/remotes/main [5ms]
2023-03-27 15:36:59.051 [info] > git status -z -uall [6ms]
2023-03-27 15:37:04.089 [info] > git config --get commit.template [4ms]
2023-03-27 15:37:04.115 [info] > git for-each-ref --format=%(refname)%00%(upstream:short)%00%(objectname)%00%(upstream:track)%00%(upstream:remotename)%00%(upstream:remoteref) refs/heads/main refs/remotes/main [2ms]
2023-03-27 15:37:04.139 [info] > git status -z -uall [6ms]
2023-03-27 15:37:20.194 [info] > git check-ignore -v -z --stdin [5ms]
2023-03-27 15:37:21.970 [info] > git show --textconv :Project/js/app.js [45ms]
2023-03-27 15:37:21.987 [info] > git ls-files --stage -- /home/m_lomakin/test/Project/Project/Project/js/app.js [18ms]
2023-03-27 15:37:22.048 [info] > git cat-file -s e69de29bb2d1d6434b8b29ae775ad8c2e48c5391 [14ms]
2023-03-27 15:37:30.017 [info] > git config --get commit.template [10ms]
2023-03-27 15:37:30.025 [info] > git for-each-ref --format=%(refname)%00%(upstream:short)%00%(objectname)%00%(upstream:track)%00%(upstream:remotename)%00%(upstream:remoteref) refs/heads/main refs/remotes/main [11ms]
2023-03-27 15:37:30.041 [info] > git status -z -uall [5ms]
2023-03-27 15:37:54.661 [info] > git log --oneline --cherry main...main@{upstream} -- [5ms]
2023-03-27 15:37:55.397 [info] > git pull --tags origin main [722ms]
2023-03-27 15:37:55.398 [info] Из https://github.com/m-lomakin/Project
 * branch            main       -> FETCH_HEAD
2023-03-27 15:37:55.450 [info] > git config --get commit.template [22ms]
2023-03-27 15:37:55.457 [info] > git for-each-ref --format=%(refname)%00%(upstream:short)%00%(objectname)%00%(upstream:track)%00%(upstream:remotename)%00%(upstream:remoteref) refs/heads/main refs/remotes/main [9ms]
2023-03-27 15:37:55.470 [info] > git status -z -uall [4ms]
2023-03-27 15:37:56.161 [info] > git fetch [656ms]
2023-03-27 15:37:56.204 [info] > git config --get commit.template [22ms]
2023-03-27 15:37:56.207 [info] > git for-each-ref --format=%(refname)%00%(upstream:short)%00%(objectname)%00%(upstream:track)%00%(upstream:remotename)%00%(upstream:remoteref) refs/heads/main refs/remotes/main [5ms]
2023-03-27 15:37:56.232 [info] > git status -z -uall [6ms]
2023-03-27 15:37:57.370 [info] > git ls-files --stage -- /home/m_lomakin/test/Project/Project/Project/js/app.js [2ms]
2023-03-27 15:37:57.386 [info] > git ls-files --stage -- /home/m_lomakin/test/Project/Project/Project/index.html [40ms]
2023-03-27 15:37:57.401 [info] > git cat-file -s e69de29bb2d1d6434b8b29ae775ad8c2e48c5391 [16ms]
2023-03-27 15:37:57.403 [info] > git cat-file -s 56efbdba61ff12f90f864930b9a85eac0259666d [4ms]
2023-03-27 15:37:57.437 [info] > git show --textconv :Project/js/app.js [12ms]
2023-03-27 15:37:57.443 [info] > git show --textconv :Project/index.html [8ms]
2023-03-27 15:38:04.481 [info] > git add -A -- . [6ms]
2023-03-27 15:38:05.193 [info] > git show --textconv :.git/COMMIT_EDITMSG [28ms]
2023-03-27 15:38:05.200 [info] > git ls-files --stage -- /home/m_lomakin/test/Project/Project/.git/COMMIT_EDITMSG [8ms]
2023-03-27 15:38:05.383 [info] > git check-ignore -v -z --stdin [5ms]
2023-03-27 15:38:05.734 [info] > git ls-files --stage -- /home/m_lomakin/test/Project/Project/Project/js/app.js [25ms]
2023-03-27 15:38:05.754 [info] > git ls-files --stage -- /home/m_lomakin/test/Project/Project/Project/index.html [66ms]
2023-03-27 15:38:05.775 [info] > git cat-file -s 56efbdba61ff12f90f864930b9a85eac0259666d [5ms]
2023-03-27 15:38:05.779 [info] > git cat-file -s 1e3032519b8e2b0bb1b043bde0c71ea4c7887765 [25ms]
2023-03-27 15:38:05.781 [info] > git ls-files --stage -- /home/m_lomakin/test/Project/Project/.git/COMMIT_EDITMSG [50ms]
2023-03-27 15:38:05.833 [info] > git show --textconv :Project/index.html [29ms]
2023-03-27 15:38:05.833 [info] > git show --textconv :Project/js/app.js [16ms]
2023-03-27 15:38:05.840 [info] > git show --textconv :.git/COMMIT_EDITMSG [8ms]
2023-03-27 15:38:50.468 [info] > git -c user.useConfigOnly=true commit --quiet [45977ms]
2023-03-27 15:38:50.505 [info] > git config --get commit.template [21ms]
2023-03-27 15:38:50.512 [info] > git for-each-ref --format=%(refname)%00%(upstream:short)%00%(objectname)%00%(upstream:track)%00%(upstream:remotename)%00%(upstream:remoteref) refs/heads/main refs/remotes/main [14ms]
2023-03-27 15:38:50.534 [info] > git status -z -uall [8ms]
2023-03-27 15:38:50.886 [info] > git config --get commit.template [41ms]
2023-03-27 15:38:50.890 [info] > git for-each-ref --format=%(refname)%00%(upstream:short)%00%(objectname)%00%(upstream:track)%00%(upstream:remotename)%00%(upstream:remoteref) refs/heads/main refs/remotes/main [6ms]
2023-03-27 15:38:50.924 [info] > git status -z -uall [12ms]
2023-03-27 15:38:51.702 [info] > git ls-files --stage -- /home/m_lomakin/test/Project/Project/Project/index.html [14ms]
2023-03-27 15:38:51.714 [info] > git ls-files --stage -- /home/m_lomakin/test/Project/Project/Project/js/app.js [13ms]
2023-03-27 15:38:51.726 [info] > git cat-file -s 56efbdba61ff12f90f864930b9a85eac0259666d [13ms]
2023-03-27 15:38:51.727 [info] > git cat-file -s 1e3032519b8e2b0bb1b043bde0c71ea4c7887765 [4ms]
2023-03-27 15:38:51.752 [info] > git show --textconv :Project/index.html [13ms]
2023-03-27 15:38:51.756 [info] > git show --textconv :Project/js/app.js [5ms]
2023-03-27 15:40:57.030 [info] > git fetch [763ms]
2023-03-27 15:40:57.078 [info] > git config --get commit.template [22ms]
2023-03-27 15:40:57.082 [info] > git for-each-ref --format=%(refname)%00%(upstream:short)%00%(objectname)%00%(upstream:track)%00%(upstream:remotename)%00%(upstream:remoteref) refs/heads/main refs/remotes/main [6ms]
2023-03-27 15:40:57.105 [info] > git status -z -uall [3ms]
2023-03-27 15:40:58.258 [info] > git ls-files --stage -- /home/m_lomakin/test/Project/Project/Project/index.html [26ms]
2023-03-27 15:40:58.280 [info] > git ls-files --stage -- /home/m_lomakin/test/Project/Project/Project/js/app.js [26ms]
2023-03-27 15:40:58.303 [info] > git cat-file -s 1e3032519b8e2b0bb1b043bde0c71ea4c7887765 [2ms]
2023-03-27 15:40:58.305 [info] > git cat-file -s 56efbdba61ff12f90f864930b9a85eac0259666d [29ms]
2023-03-27 15:40:58.326 [info] > git show --textconv :Project/js/app.js [3ms]
2023-03-27 15:40:58.349 [info] > git show --textconv :Project/index.html [4ms]
2023-03-27 15:43:57.776 [info] > git fetch [640ms]
2023-03-27 15:43:57.819 [info] > git config --get commit.template [21ms]
2023-03-27 15:43:57.822 [info] > git for-each-ref --format=%(refname)%00%(upstream:short)%00%(objectname)%00%(upstream:track)%00%(upstream:remotename)%00%(upstream:remoteref) refs/heads/main refs/remotes/main [6ms]
2023-03-27 15:43:57.848 [info] > git status -z -uall [5ms]
2023-03-27 15:43:58.998 [info] > git ls-files --stage -- /home/m_lomakin/test/Project/Project/Project/index.html [25ms]
2023-03-27 15:43:59.020 [info] > git ls-files --stage -- /home/m_lomakin/test/Project/Project/Project/js/app.js [24ms]
2023-03-27 15:43:59.040 [info] > git cat-file -s 56efbdba61ff12f90f864930b9a85eac0259666d [23ms]
2023-03-27 15:43:59.044 [info] > git cat-file -s 1e3032519b8e2b0bb1b043bde0c71ea4c7887765 [6ms]
2023-03-27 15:43:59.092 [info] > git show --textconv :Project/index.html [25ms]
2023-03-27 15:43:59.097 [info] > git show --textconv :Project/js/app.js [7ms]
2023-03-27 15:46:58.594 [info] > git fetch [713ms]
2023-03-27 15:46:58.638 [info] > git config --get commit.template [21ms]
2023-03-27 15:46:58.641 [info] > git for-each-ref --format=%(refname)%00%(upstream:short)%00%(objectname)%00%(upstream:track)%00%(upstream:remotename)%00%(upstream:remoteref) refs/heads/main refs/remotes/main [5ms]
2023-03-27 15:46:58.666 [info] > git status -z -uall [6ms]
2023-03-27 15:46:59.815 [info] > git ls-files --stage -- /home/m_lomakin/test/Project/Project/Project/index.html [25ms]
2023-03-27 15:46:59.837 [info] > git ls-files --stage -- /home/m_lomakin/test/Project/Project/Project/js/app.js [24ms]
2023-03-27 15:46:59.857 [info] > git cat-file -s 56efbdba61ff12f90f864930b9a85eac0259666d [24ms]
2023-03-27 15:46:59.860 [info] > git cat-file -s 1e3032519b8e2b0bb1b043bde0c71ea4c7887765 [5ms]
2023-03-27 15:46:59.909 [info] > git show --textconv :Project/index.html [26ms]
2023-03-27 15:46:59.913 [info] > git show --textconv :Project/js/app.js [6ms]
2023-03-27 15:49:59.455 [info] > git fetch [759ms]
2023-03-27 15:49:59.499 [info] > git config --get commit.template [21ms]
2023-03-27 15:49:59.502 [info] > git for-each-ref --format=%(refname)%00%(upstream:short)%00%(objectname)%00%(upstream:track)%00%(upstream:remotename)%00%(upstream:remoteref) refs/heads/main refs/remotes/main [5ms]
2023-03-27 15:49:59.527 [info] > git status -z -uall [4ms]
2023-03-27 15:50:00.676 [info] > git ls-files --stage -- /home/m_lomakin/test/Project/Project/Project/index.html [24ms]
2023-03-27 15:50:00.698 [info] > git ls-files --stage -- /home/m_lomakin/test/Project/Project/Project/js/app.js [24ms]
2023-03-27 15:50:00.718 [info] > git cat-file -s 56efbdba61ff12f90f864930b9a85eac0259666d [23ms]
2023-03-27 15:50:00.722 [info] > git cat-file -s 1e3032519b8e2b0bb1b043bde0c71ea4c7887765 [6ms]
2023-03-27 15:50:00.770 [info] > git show --textconv :Project/index.html [26ms]
2023-03-27 15:50:00.775 [info] > git show --textconv :Project/js/app.js [8ms]
2023-03-27 15:53:00.304 [info] > git fetch [746ms]
2023-03-27 15:53:00.347 [info] > git config --get commit.template [22ms]
2023-03-27 15:53:00.350 [info] > git for-each-ref --format=%(refname)%00%(upstream:short)%00%(objectname)%00%(upstream:track)%00%(upstream:remotename)%00%(upstream:remoteref) refs/heads/main refs/remotes/main [5ms]
2023-03-27 15:53:00.375 [info] > git status -z -uall [5ms]
2023-03-27 15:53:01.525 [info] > git ls-files --stage -- /home/m_lomakin/test/Project/Project/Project/index.html [24ms]
2023-03-27 15:53:01.547 [info] > git ls-files --stage -- /home/m_lomakin/test/Project/Project/Project/js/app.js [25ms]
2023-03-27 15:53:01.569 [info] > git cat-file -s 56efbdba61ff12f90f864930b9a85eac0259666d [25ms]
2023-03-27 15:53:01.572 [info] > git cat-file -s 1e3032519b8e2b0bb1b043bde0c71ea4c7887765 [5ms]
2023-03-27 15:53:01.605 [info] > git show --textconv :Project/index.html [12ms]
2023-03-27 15:53:01.610 [info] > git show --textconv :Project/js/app.js [6ms]
2023-03-27 15:56:01.085 [info] > git fetch [683ms]
2023-03-27 15:56:01.128 [info] > git config --get commit.template [22ms]
2023-03-27 15:56:01.131 [info] > git for-each-ref --format=%(refname)%00%(upstream:short)%00%(objectname)%00%(upstream:track)%00%(upstream:remotename)%00%(upstream:remoteref) refs/heads/main refs/remotes/main [5ms]
2023-03-27 15:56:01.157 [info] > git status -z -uall [2ms]
2023-03-27 15:56:02.307 [info] > git ls-files --stage -- /home/m_lomakin/test/Project/Project/Project/index.html [24ms]
2023-03-27 15:56:02.329 [info] > git ls-files --stage -- /home/m_lomakin/test/Project/Project/Project/js/app.js [23ms]
2023-03-27 15:56:02.349 [info] > git cat-file -s 56efbdba61ff12f90f864930b9a85eac0259666d [23ms]
2023-03-27 15:56:02.354 [info] > git cat-file -s 1e3032519b8e2b0bb1b043bde0c71ea4c7887765 [7ms]
2023-03-27 15:56:02.389 [info] > git show --textconv :Project/index.html [16ms]
2023-03-27 15:56:02.389 [info] > git show --textconv :Project/js/app.js [3ms]
2023-03-27 15:59:01.920 [info] > git fetch [729ms]
2023-03-27 15:59:01.964 [info] > git config --get commit.template [21ms]
2023-03-27 15:59:01.967 [info] > git for-each-ref --format=%(refname)%00%(upstream:short)%00%(objectname)%00%(upstream:track)%00%(upstream:remotename)%00%(upstream:remoteref) refs/heads/main refs/remotes/main [5ms]
2023-03-27 15:59:01.992 [info] > git status -z -uall [5ms]
2023-03-27 15:59:03.141 [info] > git ls-files --stage -- /home/m_lomakin/test/Project/Project/Project/index.html [25ms]
2023-03-27 15:59:03.160 [info] > git cat-file -s 56efbdba61ff12f90f864930b9a85eac0259666d [3ms]
2023-03-27 15:59:03.163 [info] > git ls-files --stage -- /home/m_lomakin/test/Project/Project/Project/js/app.js [24ms]
2023-03-27 15:59:03.202 [info] > git cat-file -s 1e3032519b8e2b0bb1b043bde0c71ea4c7887765 [24ms]
2023-03-27 15:59:03.207 [info] > git show --textconv :Project/index.html [6ms]
2023-03-27 15:59:03.228 [info] > git show --textconv :Project/js/app.js [3ms]
2023-03-27 16:02:02.881 [info] > git fetch [858ms]
2023-03-27 16:02:02.925 [info] > git config --get commit.template [21ms]
2023-03-27 16:02:02.928 [info] > git for-each-ref --format=%(refname)%00%(upstream:short)%00%(objectname)%00%(upstream:track)%00%(upstream:remotename)%00%(upstream:remoteref) refs/heads/main refs/remotes/main [5ms]
2023-03-27 16:02:02.954 [info] > git status -z -uall [6ms]
2023-03-27 16:02:04.102 [info] > git ls-files --stage -- /home/m_lomakin/test/Project/Project/Project/index.html [24ms]
2023-03-27 16:02:04.124 [info] > git ls-files --stage -- /home/m_lomakin/test/Project/Project/Project/js/app.js [24ms]
2023-03-27 16:02:04.144 [info] > git cat-file -s 56efbdba61ff12f90f864930b9a85eac0259666d [23ms]
2023-03-27 16:02:04.148 [info] > git cat-file -s 1e3032519b8e2b0bb1b043bde0c71ea4c7887765 [5ms]
2023-03-27 16:02:04.197 [info] > git show --textconv :Project/index.html [26ms]
2023-03-27 16:02:04.202 [info] > git show --textconv :Project/js/app.js [8ms]
2023-03-27 16:05:03.746 [info] > git fetch [749ms]
2023-03-27 16:05:03.794 [info] > git config --get commit.template [26ms]
2023-03-27 16:05:03.797 [info] > git for-each-ref --format=%(refname)%00%(upstream:short)%00%(objectname)%00%(upstream:track)%00%(upstream:remotename)%00%(upstream:remoteref) refs/heads/main refs/remotes/main [5ms]
2023-03-27 16:05:03.820 [info] > git status -z -uall [4ms]
2023-03-27 16:05:04.971 [info] > git ls-files --stage -- /home/m_lomakin/test/Project/Project/Project/index.html [25ms]
2023-03-27 16:05:04.996 [info] > git ls-files --stage -- /home/m_lomakin/test/Project/Project/Project/js/app.js [28ms]
2023-03-27 16:05:05.009 [info] > git cat-file -s 56efbdba61ff12f90f864930b9a85eac0259666d [20ms]
2023-03-27 16:05:05.013 [info] > git cat-file -s 1e3032519b8e2b0bb1b043bde0c71ea4c7887765 [6ms]
2023-03-27 16:05:05.039 [info] > git show --textconv :Project/index.html [13ms]
2023-03-27 16:05:05.042 [info] > git show --textconv :Project/js/app.js [4ms]
2023-03-27 16:08:04.475 [info] > git fetch [626ms]
2023-03-27 16:08:04.519 [info] > git config --get commit.template [22ms]
2023-03-27 16:08:04.522 [info] > git for-each-ref --format=%(refname)%00%(upstream:short)%00%(objectname)%00%(upstream:track)%00%(upstream:remotename)%00%(upstream:remoteref) refs/heads/main refs/remotes/main [5ms]
2023-03-27 16:08:04.548 [info] > git status -z -uall [6ms]
2023-03-27 16:08:05.698 [info] > git ls-files --stage -- /home/m_lomakin/test/Project/Project/Project/index.html [25ms]
2023-03-27 16:08:05.720 [info] > git ls-files --stage -- /home/m_lomakin/test/Project/Project/Project/js/app.js [24ms]
2023-03-27 16:08:05.740 [info] > git cat-file -s 56efbdba61ff12f90f864930b9a85eac0259666d [23ms]
2023-03-27 16:08:05.744 [info] > git cat-file -s 1e3032519b8e2b0bb1b043bde0c71ea4c7887765 [5ms]
2023-03-27 16:08:05.789 [info] > git show --textconv :Project/index.html [22ms]
2023-03-27 16:08:05.789 [info] > git show --textconv :Project/js/app.js [3ms]
2023-03-27 16:11:05.258 [info] > git fetch [681ms]
2023-03-27 16:11:05.302 [info] > git config --get commit.template [22ms]
2023-03-27 16:11:05.305 [info] > git for-each-ref --format=%(refname)%00%(upstream:short)%00%(objectname)%00%(upstream:track)%00%(upstream:remotename)%00%(upstream:remoteref) refs/heads/main refs/remotes/main [5ms]
2023-03-27 16:11:05.330 [info] > git status -z -uall [5ms]
2023-03-27 16:11:06.464 [info] > git ls-files --stage -- /home/m_lomakin/test/Project/Project/Project/js/app.js [2ms]
2023-03-27 16:11:06.483 [info] > git ls-files --stage -- /home/m_lomakin/test/Project/Project/Project/index.html [31ms]
2023-03-27 16:11:06.504 [info] > git cat-file -s 1e3032519b8e2b0bb1b043bde0c71ea4c7887765 [22ms]
2023-03-27 16:11:06.509 [info] > git cat-file -s 56efbdba61ff12f90f864930b9a85eac0259666d [8ms]
2023-03-27 16:11:06.553 [info] > git show --textconv :Project/js/app.js [21ms]
2023-03-27 16:11:06.553 [info] > git show --textconv :Project/index.html [2ms]
2023-03-27 16:14:06.003 [info] > git fetch [643ms]
2023-03-27 16:14:06.048 [info] > git config --get commit.template [23ms]
2023-03-27 16:14:06.051 [info] > git for-each-ref --format=%(refname)%00%(upstream:short)%00%(objectname)%00%(upstream:track)%00%(upstream:remotename)%00%(upstream:remoteref) refs/heads/main refs/remotes/main [5ms]
2023-03-27 16:14:06.073 [info] > git status -z -uall [4ms]
2023-03-27 16:14:07.225 [info] > git ls-files --stage -- /home/m_lomakin/test/Project/Project/Project/index.html [25ms]
2023-03-27 16:14:07.247 [info] > git ls-files --stage -- /home/m_lomakin/test/Project/Project/Project/js/app.js [23ms]
2023-03-27 16:14:07.267 [info] > git cat-file -s 56efbdba61ff12f90f864930b9a85eac0259666d [23ms]
2023-03-27 16:14:07.270 [info] > git cat-file -s 1e3032519b8e2b0bb1b043bde0c71ea4c7887765 [5ms]
2023-03-27 16:14:07.325 [info] > git show --textconv :Project/index.html [30ms]
2023-03-27 16:14:07.333 [info] > git show --textconv :Project/js/app.js [10ms]
2023-03-27 16:17:06.741 [info] > git fetch [639ms]
2023-03-27 16:17:06.784 [info] > git config --get commit.template [22ms]
2023-03-27 16:17:06.788 [info] > git for-each-ref --format=%(refname)%00%(upstream:short)%00%(objectname)%00%(upstream:track)%00%(upstream:remotename)%00%(upstream:remoteref) refs/heads/main refs/remotes/main [6ms]
2023-03-27 16:17:06.815 [info] > git status -z -uall [8ms]
2023-03-27 16:17:07.961 [info] > git ls-files --stage -- /home/m_lomakin/test/Project/Project/Project/index.html [25ms]
2023-03-27 16:17:07.983 [info] > git ls-files --stage -- /home/m_lomakin/test/Project/Project/Project/js/app.js [24ms]
2023-03-27 16:17:08.003 [info] > git cat-file -s 56efbdba61ff12f90f864930b9a85eac0259666d [23ms]
2023-03-27 16:17:08.006 [info] > git cat-file -s 1e3032519b8e2b0bb1b043bde0c71ea4c7887765 [5ms]
2023-03-27 16:17:08.054 [info] > git show --textconv :Project/index.html [25ms]
2023-03-27 16:17:08.059 [info] > git show --textconv :Project/js/app.js [7ms]
2023-03-27 16:20:07.601 [info] > git fetch [752ms]
2023-03-27 16:20:07.645 [info] > git config --get commit.template [21ms]
2023-03-27 16:20:07.648 [info] > git for-each-ref --format=%(refname)%00%(upstream:short)%00%(objectname)%00%(upstream:track)%00%(upstream:remotename)%00%(upstream:remoteref) refs/heads/main refs/remotes/main [4ms]
2023-03-27 16:20:07.673 [info] > git status -z -uall [5ms]
2023-03-27 16:20:08.821 [info] > git ls-files --stage -- /home/m_lomakin/test/Project/Project/Project/index.html [25ms]
2023-03-27 16:20:08.843 [info] > git ls-files --stage -- /home/m_lomakin/test/Project/Project/Project/js/app.js [23ms]
2023-03-27 16:20:08.863 [info] > git cat-file -s 56efbdba61ff12f90f864930b9a85eac0259666d [22ms]
2023-03-27 16:20:08.866 [info] > git cat-file -s 1e3032519b8e2b0bb1b043bde0c71ea4c7887765 [5ms]
2023-03-27 16:20:08.914 [info] > git show --textconv :Project/index.html [26ms]
2023-03-27 16:20:08.919 [info] > git show --textconv :Project/js/app.js [7ms]
2023-03-27 16:23:08.463 [info] > git fetch [762ms]
2023-03-27 16:23:08.507 [info] > git config --get commit.template [21ms]
2023-03-27 16:23:08.510 [info] > git for-each-ref --format=%(refname)%00%(upstream:short)%00%(objectname)%00%(upstream:track)%00%(upstream:remotename)%00%(upstream:remoteref) refs/heads/main refs/remotes/main [5ms]
2023-03-27 16:23:08.539 [info] > git status -z -uall [6ms]
2023-03-27 16:23:09.686 [info] > git ls-files --stage -- /home/m_lomakin/test/Project/Project/Project/index.html [24ms]
2023-03-27 16:23:09.707 [info] > git ls-files --stage -- /home/m_lomakin/test/Project/Project/Project/js/app.js [24ms]
2023-03-27 16:23:09.728 [info] > git cat-file -s 56efbdba61ff12f90f864930b9a85eac0259666d [22ms]
2023-03-27 16:23:09.731 [info] > git cat-file -s 1e3032519b8e2b0bb1b043bde0c71ea4c7887765 [5ms]
2023-03-27 16:23:09.783 [info] > git show --textconv :Project/index.html [26ms]
2023-03-27 16:23:09.788 [info] > git show --textconv :Project/js/app.js [7ms]
2023-03-27 16:26:09.254 [info] > git fetch [657ms]
2023-03-27 16:26:09.297 [info] > git config --get commit.template [22ms]
2023-03-27 16:26:09.301 [info] > git for-each-ref --format=%(refname)%00%(upstream:short)%00%(objectname)%00%(upstream:track)%00%(upstream:remotename)%00%(upstream:remoteref) refs/heads/main refs/remotes/main [6ms]
2023-03-27 16:26:09.328 [info] > git status -z -uall [8ms]
2023-03-27 16:26:10.476 [info] > git ls-files --stage -- /home/m_lomakin/test/Project/Project/Project/index.html [27ms]
2023-03-27 16:26:10.498 [info] > git ls-files --stage -- /home/m_lomakin/test/Project/Project/Project/js/app.js [24ms]
2023-03-27 16:26:10.518 [info] > git cat-file -s 56efbdba61ff12f90f864930b9a85eac0259666d [23ms]
2023-03-27 16:26:10.521 [info] > git cat-file -s 1e3032519b8e2b0bb1b043bde0c71ea4c7887765 [5ms]
2023-03-27 16:26:10.571 [info] > git show --textconv :Project/index.html [26ms]
2023-03-27 16:26:10.576 [info] > git show --textconv :Project/js/app.js [7ms]
2023-03-27 16:29:10.348 [info] > git fetch [991ms]
2023-03-27 16:29:10.391 [info] > git config --get commit.template [22ms]
2023-03-27 16:29:10.394 [info] > git for-each-ref --format=%(refname)%00%(upstream:short)%00%(objectname)%00%(upstream:track)%00%(upstream:remotename)%00%(upstream:remoteref) refs/heads/main refs/remotes/main [5ms]
2023-03-27 16:29:10.419 [info] > git status -z -uall [5ms]
2023-03-27 16:29:11.569 [info] > git ls-files --stage -- /home/m_lomakin/test/Project/Project/Project/index.html [25ms]
2023-03-27 16:29:11.592 [info] > git cat-file -s 56efbdba61ff12f90f864930b9a85eac0259666d [1ms]
2023-03-27 16:29:11.593 [info] > git ls-files --stage -- /home/m_lomakin/test/Project/Project/Project/js/app.js [27ms]
2023-03-27 16:29:11.613 [info] > git cat-file -s 1e3032519b8e2b0bb1b043bde0c71ea4c7887765 [11ms]
2023-03-27 16:29:11.625 [info] > git show --textconv :Project/index.html [12ms]
2023-03-27 16:29:11.630 [info] > git show --textconv :Project/js/app.js [5ms]
2023-03-27 16:32:11.133 [info] > git fetch [688ms]
2023-03-27 16:32:11.177 [info] > git config --get commit.template [22ms]
2023-03-27 16:32:11.181 [info] > git for-each-ref --format=%(refname)%00%(upstream:short)%00%(objectname)%00%(upstream:track)%00%(upstream:remotename)%00%(upstream:remoteref) refs/heads/main refs/remotes/main [5ms]
2023-03-27 16:32:11.206 [info] > git status -z -uall [6ms]
2023-03-27 16:32:12.355 [info] > git ls-files --stage -- /home/m_lomakin/test/Project/Project/Project/index.html [24ms]
2023-03-27 16:32:12.376 [info] > git ls-files --stage -- /home/m_lomakin/test/Project/Project/Project/js/app.js [24ms]
2023-03-27 16:32:12.397 [info] > git cat-file -s 56efbdba61ff12f90f864930b9a85eac0259666d [23ms]
2023-03-27 16:32:12.400 [info] > git cat-file -s 1e3032519b8e2b0bb1b043bde0c71ea4c7887765 [5ms]
2023-03-27 16:32:12.448 [info] > git show --textconv :Project/index.html [25ms]
2023-03-27 16:32:12.457 [info] > git show --textconv :Project/js/app.js [12ms]
2023-03-27 16:35:11.949 [info] > git fetch [714ms]
2023-03-27 16:35:11.996 [info] > git config --get commit.template [22ms]
2023-03-27 16:35:11.999 [info] > git for-each-ref --format=%(refname)%00%(upstream:short)%00%(objectname)%00%(upstream:track)%00%(upstream:remotename)%00%(upstream:remoteref) refs/heads/main refs/remotes/main [5ms]
2023-03-27 16:35:12.025 [info] > git status -z -uall [5ms]
2023-03-27 16:35:13.172 [info] > git ls-files --stage -- /home/m_lomakin/test/Project/Project/Project/index.html [25ms]
2023-03-27 16:35:13.194 [info] > git ls-files --stage -- /home/m_lomakin/test/Project/Project/Project/js/app.js [24ms]
2023-03-27 16:35:13.214 [info] > git cat-file -s 56efbdba61ff12f90f864930b9a85eac0259666d [23ms]
2023-03-27 16:35:13.217 [info] > git cat-file -s 1e3032519b8e2b0bb1b043bde0c71ea4c7887765 [4ms]
2023-03-27 16:35:13.272 [info] > git show --textconv :Project/index.html [27ms]
2023-03-27 16:35:13.281 [info] > git show --textconv :Project/js/app.js [11ms]
2023-03-27 16:38:12.773 [info] > git fetch [723ms]
2023-03-27 16:38:12.822 [info] > git for-each-ref --format=%(refname)%00%(upstream:short)%00%(objectname)%00%(upstream:track)%00%(upstream:remotename)%00%(upstream:remoteref) refs/heads/main refs/remotes/main [7ms]
2023-03-27 16:38:12.823 [info] > git config --get commit.template [27ms]
2023-03-27 16:38:12.847 [info] > git status -z -uall [4ms]
2023-03-27 16:38:13.997 [info] > git ls-files --stage -- /home/m_lomakin/test/Project/Project/Project/index.html [25ms]
2023-03-27 16:38:14.019 [info] > git ls-files --stage -- /home/m_lomakin/test/Project/Project/Project/js/app.js [24ms]
2023-03-27 16:38:14.039 [info] > git cat-file -s 56efbdba61ff12f90f864930b9a85eac0259666d [23ms]
2023-03-27 16:38:14.043 [info] > git cat-file -s 1e3032519b8e2b0bb1b043bde0c71ea4c7887765 [6ms]
2023-03-27 16:38:14.076 [info] > git show --textconv :Project/index.html [16ms]
2023-03-27 16:38:14.076 [info] > git show --textconv :Project/js/app.js [3ms]
2023-03-27 16:41:13.589 [info] > git fetch [712ms]
2023-03-27 16:41:13.634 [info] > git config --get commit.template [22ms]
2023-03-27 16:41:13.637 [info] > git for-each-ref --format=%(refname)%00%(upstream:short)%00%(objectname)%00%(upstream:track)%00%(upstream:remotename)%00%(upstream:remoteref) refs/heads/main refs/remotes/main [6ms]
2023-03-27 16:41:13.665 [info] > git status -z -uall [8ms]
2023-03-27 16:41:14.811 [info] > git ls-files --stage -- /home/m_lomakin/test/Project/Project/Project/index.html [25ms]
2023-03-27 16:41:14.832 [info] > git ls-files --stage -- /home/m_lomakin/test/Project/Project/Project/js/app.js [24ms]
2023-03-27 16:41:14.853 [info] > git cat-file -s 56efbdba61ff12f90f864930b9a85eac0259666d [23ms]
2023-03-27 16:41:14.856 [info] > git cat-file -s 1e3032519b8e2b0bb1b043bde0c71ea4c7887765 [5ms]
2023-03-27 16:41:14.907 [info] > git show --textconv :Project/index.html [28ms]
2023-03-27 16:41:14.907 [info] > git show --textconv :Project/js/app.js [5ms]
2023-03-27 16:44:14.381 [info] > git fetch [687ms]
2023-03-27 16:44:14.425 [info] > git config --get commit.template [21ms]
2023-03-27 16:44:14.428 [info] > git for-each-ref --format=%(refname)%00%(upstream:short)%00%(objectname)%00%(upstream:track)%00%(upstream:remotename)%00%(upstream:remoteref) refs/heads/main refs/remotes/main [5ms]
2023-03-27 16:44:14.454 [info] > git status -z -uall [6ms]
2023-03-27 16:44:15.576 [info] > git ls-files --stage -- /home/m_lomakin/test/Project/Project/Project/index.html [2ms]
2023-03-27 16:44:15.608 [info] > git ls-files --stage -- /home/m_lomakin/test/Project/Project/Project/js/app.js [3ms]
2023-03-27 16:44:15.622 [info] > git cat-file -s 56efbdba61ff12f90f864930b9a85eac0259666d [33ms]
2023-03-27 16:44:15.626 [info] > git cat-file -s 1e3032519b8e2b0bb1b043bde0c71ea4c7887765 [5ms]
2023-03-27 16:44:15.645 [info] > git show --textconv :Project/index.html [1ms]
2023-03-27 16:44:15.670 [info] > git show --textconv :Project/js/app.js [5ms]
2023-03-27 16:47:15.156 [info] > git fetch [677ms]
2023-03-27 16:47:15.201 [info] > git config --get commit.template [22ms]
2023-03-27 16:47:15.204 [info] > git for-each-ref --format=%(refname)%00%(upstream:short)%00%(objectname)%00%(upstream:track)%00%(upstream:remotename)%00%(upstream:remoteref) refs/heads/main refs/remotes/main [5ms]
2023-03-27 16:47:15.229 [info] > git status -z -uall [5ms]
2023-03-27 16:47:16.383 [info] > git ls-files --stage -- /home/m_lomakin/test/Project/Project/Project/index.html [24ms]
2023-03-27 16:47:16.395 [info] > git ls-files --stage -- /home/m_lomakin/test/Project/Project/Project/js/app.js [14ms]
2023-03-27 16:47:16.404 [info] > git cat-file -s 56efbdba61ff12f90f864930b9a85eac0259666d [10ms]
2023-03-27 16:47:16.420 [info] > git cat-file -s 1e3032519b8e2b0bb1b043bde0c71ea4c7887765 [16ms]
2023-03-27 16:47:16.423 [info] > git show --textconv :Project/index.html [4ms]
2023-03-27 16:47:16.436 [info] > git show --textconv :Project/js/app.js [4ms]
2023-03-27 16:50:16.035 [info] > git fetch [770ms]
2023-03-27 16:50:16.079 [info] > git config --get commit.template [21ms]
2023-03-27 16:50:16.082 [info] > git for-each-ref --format=%(refname)%00%(upstream:short)%00%(objectname)%00%(upstream:track)%00%(upstream:remotename)%00%(upstream:remoteref) refs/heads/main refs/remotes/main [5ms]
2023-03-27 16:50:16.109 [info] > git status -z -uall [2ms]
2023-03-27 16:50:17.261 [info] > git ls-files --stage -- /home/m_lomakin/test/Project/Project/Project/index.html [26ms]
2023-03-27 16:50:17.277 [info] > git ls-files --stage -- /home/m_lomakin/test/Project/Project/Project/js/app.js [20ms]
2023-03-27 16:50:17.289 [info] > git cat-file -s 56efbdba61ff12f90f864930b9a85eac0259666d [13ms]
2023-03-27 16:50:17.293 [info] > git cat-file -s 1e3032519b8e2b0bb1b043bde0c71ea4c7887765 [5ms]
2023-03-27 16:50:17.312 [info] > git show --textconv :Project/index.html [1ms]
2023-03-27 16:50:17.337 [info] > git show --textconv :Project/js/app.js [5ms]
2023-03-27 16:53:16.910 [info] > git fetch [768ms]
2023-03-27 16:53:16.954 [info] > git config --get commit.template [22ms]
2023-03-27 16:53:16.957 [info] > git for-each-ref --format=%(refname)%00%(upstream:short)%00%(objectname)%00%(upstream:track)%00%(upstream:remotename)%00%(upstream:remoteref) refs/heads/main refs/remotes/main [5ms]
2023-03-27 16:53:16.982 [info] > git status -z -uall [6ms]
2023-03-27 16:53:18.131 [info] > git ls-files --stage -- /home/m_lomakin/test/Project/Project/Project/index.html [24ms]
2023-03-27 16:53:18.152 [info] > git ls-files --stage -- /home/m_lomakin/test/Project/Project/Project/js/app.js [24ms]
2023-03-27 16:53:18.173 [info] > git cat-file -s 56efbdba61ff12f90f864930b9a85eac0259666d [23ms]
2023-03-27 16:53:18.176 [info] > git cat-file -s 1e3032519b8e2b0bb1b043bde0c71ea4c7887765 [4ms]
2023-03-27 16:53:18.206 [info] > git show --textconv :Project/index.html [12ms]
2023-03-27 16:53:18.210 [info] > git show --textconv :Project/js/app.js [4ms]
2023-03-27 16:56:17.677 [info] > git fetch [666ms]
2023-03-27 16:56:17.724 [info] > git config --get commit.template [25ms]
2023-03-27 16:56:17.727 [info] > git for-each-ref --format=%(refname)%00%(upstream:short)%00%(objectname)%00%(upstream:track)%00%(upstream:remotename)%00%(upstream:remoteref) refs/heads/main refs/remotes/main [5ms]
2023-03-27 16:56:17.750 [info] > git status -z -uall [4ms]
2023-03-27 16:56:18.900 [info] > git ls-files --stage -- /home/m_lomakin/test/Project/Project/Project/index.html [25ms]
2023-03-27 16:56:18.922 [info] > git ls-files --stage -- /home/m_lomakin/test/Project/Project/Project/js/app.js [23ms]
2023-03-27 16:56:18.942 [info] > git cat-file -s 56efbdba61ff12f90f864930b9a85eac0259666d [23ms]
2023-03-27 16:56:18.945 [info] > git cat-file -s 1e3032519b8e2b0bb1b043bde0c71ea4c7887765 [5ms]
2023-03-27 16:56:18.994 [info] > git show --textconv :Project/index.html [26ms]
2023-03-27 16:56:18.999 [info] > git show --textconv :Project/js/app.js [7ms]
2023-03-27 16:59:18.603 [info] > git fetch [826ms]
2023-03-27 16:59:18.648 [info] > git config --get commit.template [22ms]
2023-03-27 16:59:18.651 [info] > git for-each-ref --format=%(refname)%00%(upstream:short)%00%(objectname)%00%(upstream:track)%00%(upstream:remotename)%00%(upstream:remoteref) refs/heads/main refs/remotes/main [6ms]
2023-03-27 16:59:18.676 [info] > git status -z -uall [5ms]
2023-03-27 16:59:19.828 [info] > git ls-files --stage -- /home/m_lomakin/test/Project/Project/Project/index.html [28ms]
2023-03-27 16:59:19.850 [info] > git ls-files --stage -- /home/m_lomakin/test/Project/Project/Project/js/app.js [24ms]
2023-03-27 16:59:19.870 [info] > git cat-file -s 56efbdba61ff12f90f864930b9a85eac0259666d [23ms]
2023-03-27 16:59:19.873 [info] > git cat-file -s 1e3032519b8e2b0bb1b043bde0c71ea4c7887765 [5ms]
2023-03-27 16:59:19.925 [info] > git show --textconv :Project/index.html [25ms]
2023-03-27 16:59:19.929 [info] > git show --textconv :Project/js/app.js [6ms]
2023-03-27 17:02:19.419 [info] > git fetch [709ms]
2023-03-27 17:02:19.464 [info] > git config --get commit.template [22ms]
2023-03-27 17:02:19.467 [info] > git for-each-ref --format=%(refname)%00%(upstream:short)%00%(objectname)%00%(upstream:track)%00%(upstream:remotename)%00%(upstream:remoteref) refs/heads/main refs/remotes/main [5ms]
2023-03-27 17:02:19.493 [info] > git status -z -uall [6ms]
2023-03-27 17:02:20.642 [info] > git ls-files --stage -- /home/m_lomakin/test/Project/Project/Project/index.html [25ms]
2023-03-27 17:02:20.664 [info] > git ls-files --stage -- /home/m_lomakin/test/Project/Project/Project/js/app.js [24ms]
2023-03-27 17:02:20.685 [info] > git cat-file -s 56efbdba61ff12f90f864930b9a85eac0259666d [23ms]
2023-03-27 17:02:20.688 [info] > git cat-file -s 1e3032519b8e2b0bb1b043bde0c71ea4c7887765 [5ms]
2023-03-27 17:02:20.737 [info] > git show --textconv :Project/index.html [26ms]
2023-03-27 17:02:20.742 [info] > git show --textconv :Project/js/app.js [6ms]
2023-03-27 17:05:20.200 [info] > git fetch [678ms]
2023-03-27 17:05:20.248 [info] > git config --get commit.template [26ms]
2023-03-27 17:05:20.251 [info] > git for-each-ref --format=%(refname)%00%(upstream:short)%00%(objectname)%00%(upstream:track)%00%(upstream:remotename)%00%(upstream:remoteref) refs/heads/main refs/remotes/main [5ms]
2023-03-27 17:05:20.277 [info] > git status -z -uall [6ms]
2023-03-27 17:05:21.426 [info] > git ls-files --stage -- /home/m_lomakin/test/Project/Project/Project/index.html [24ms]
2023-03-27 17:05:21.448 [info] > git ls-files --stage -- /home/m_lomakin/test/Project/Project/Project/js/app.js [24ms]
2023-03-27 17:05:21.468 [info] > git cat-file -s 56efbdba61ff12f90f864930b9a85eac0259666d [23ms]
2023-03-27 17:05:21.471 [info] > git cat-file -s 1e3032519b8e2b0bb1b043bde0c71ea4c7887765 [5ms]
2023-03-27 17:05:21.518 [info] > git show --textconv :Project/index.html [24ms]
2023-03-27 17:05:21.522 [info] > git show --textconv :Project/js/app.js [5ms]
2023-03-27 17:08:20.957 [info] > git fetch [656ms]
2023-03-27 17:08:21.002 [info] > git config --get commit.template [22ms]
2023-03-27 17:08:21.005 [info] > git for-each-ref --format=%(refname)%00%(upstream:short)%00%(objectname)%00%(upstream:track)%00%(upstream:remotename)%00%(upstream:remoteref) refs/heads/main refs/remotes/main [5ms]
2023-03-27 17:08:21.031 [info] > git status -z -uall [6ms]
2023-03-27 17:08:22.176 [info] > git ls-files --stage -- /home/m_lomakin/test/Project/Project/Project/index.html [19ms]
2023-03-27 17:08:22.194 [info] > git cat-file -s 56efbdba61ff12f90f864930b9a85eac0259666d [3ms]
2023-03-27 17:08:22.196 [info] > git ls-files --stage -- /home/m_lomakin/test/Project/Project/Project/js/app.js [22ms]
2023-03-27 17:08:22.231 [info] > git cat-file -s 1e3032519b8e2b0bb1b043bde0c71ea4c7887765 [20ms]
2023-03-27 17:08:22.234 [info] > git show --textconv :Project/index.html [5ms]
2023-03-27 17:08:22.256 [info] > git show --textconv :Project/js/app.js [3ms]
2023-03-27 17:11:21.723 [info] > git fetch [658ms]
2023-03-27 17:11:21.753 [info] > git config --get commit.template [14ms]
2023-03-27 17:11:21.754 [info] > git for-each-ref --format=%(refname)%00%(upstream:short)%00%(objectname)%00%(upstream:track)%00%(upstream:remotename)%00%(upstream:remoteref) refs/heads/main refs/remotes/main [3ms]
2023-03-27 17:11:21.772 [info] > git status -z -uall [2ms]
2023-03-27 17:11:22.836 [info] > git config --get commit.template [24ms]
2023-03-27 17:11:22.844 [info] > git for-each-ref --format=%(refname)%00%(upstream:short)%00%(objectname)%00%(upstream:track)%00%(upstream:remotename)%00%(upstream:remoteref) refs/heads/main refs/remotes/main [10ms]
2023-03-27 17:11:22.873 [info] > git status -z -uall [4ms]
2023-03-27 17:11:22.912 [info] > git ls-files --stage -- /home/m_lomakin/test/Project/Project/Project/index.html [13ms]
2023-03-27 17:11:22.924 [info] > git ls-files --stage -- /home/m_lomakin/test/Project/Project/Project/js/app.js [13ms]
2023-03-27 17:11:22.940 [info] > git cat-file -s 56efbdba61ff12f90f864930b9a85eac0259666d [18ms]
2023-03-27 17:11:22.944 [info] > git cat-file -s 1e3032519b8e2b0bb1b043bde0c71ea4c7887765 [5ms]
2023-03-27 17:11:22.981 [info] > git show --textconv :Project/index.html [20ms]
2023-03-27 17:11:22.982 [info] > git show --textconv :Project/js/app.js [2ms]
2023-03-27 17:14:22.506 [info] > git fetch [710ms]
2023-03-27 17:14:22.551 [info] > git config --get commit.template [22ms]
2023-03-27 17:14:22.554 [info] > git for-each-ref --format=%(refname)%00%(upstream:short)%00%(objectname)%00%(upstream:track)%00%(upstream:remotename)%00%(upstream:remoteref) refs/heads/main refs/remotes/main [5ms]
2023-03-27 17:14:22.582 [info] > git status -z -uall [8ms]
2023-03-27 17:14:23.734 [info] > git ls-files --stage -- /home/m_lomakin/test/Project/Project/Project/index.html [24ms]
2023-03-27 17:14:23.756 [info] > git ls-files --stage -- /home/m_lomakin/test/Project/Project/Project/js/app.js [24ms]
2023-03-27 17:14:23.777 [info] > git cat-file -s 56efbdba61ff12f90f864930b9a85eac0259666d [24ms]
2023-03-27 17:14:23.780 [info] > git cat-file -s 1e3032519b8e2b0bb1b043bde0c71ea4c7887765 [5ms]
2023-03-27 17:14:23.831 [info] > git show --textconv :Project/index.html [27ms]
2023-03-27 17:14:23.837 [info] > git show --textconv :Project/js/app.js [8ms]
2023-03-27 17:17:23.269 [info] > git fetch [657ms]
2023-03-27 17:17:23.314 [info] > git config --get commit.template [22ms]
2023-03-27 17:17:23.317 [info] > git for-each-ref --format=%(refname)%00%(upstream:short)%00%(objectname)%00%(upstream:track)%00%(upstream:remotename)%00%(upstream:remoteref) refs/heads/main refs/remotes/main [5ms]
2023-03-27 17:17:23.343 [info] > git status -z -uall [6ms]
2023-03-27 17:17:24.494 [info] > git ls-files --stage -- /home/m_lomakin/test/Project/Project/Project/index.html [27ms]
2023-03-27 17:17:24.515 [info] > git ls-files --stage -- /home/m_lomakin/test/Project/Project/Project/js/app.js [24ms]
2023-03-27 17:17:24.536 [info] > git cat-file -s 56efbdba61ff12f90f864930b9a85eac0259666d [23ms]
2023-03-27 17:17:24.539 [info] > git cat-file -s 1e3032519b8e2b0bb1b043bde0c71ea4c7887765 [5ms]
2023-03-27 17:17:24.589 [info] > git show --textconv :Project/index.html [27ms]
2023-03-27 17:17:24.608 [info] > git show --textconv :Project/js/app.js [19ms]
2023-03-27 17:20:24.040 [info] > git fetch [668ms]
2023-03-27 17:20:24.084 [info] > git config --get commit.template [22ms]
2023-03-27 17:20:24.088 [info] > git for-each-ref --format=%(refname)%00%(upstream:short)%00%(objectname)%00%(upstream:track)%00%(upstream:remotename)%00%(upstream:remoteref) refs/heads/main refs/remotes/main [5ms]
2023-03-27 17:20:24.116 [info] > git status -z -uall [7ms]
2023-03-27 17:20:25.260 [info] > git ls-files --stage -- /home/m_lomakin/test/Project/Project/Project/js/app.js [3ms]
2023-03-27 17:20:25.275 [info] > git ls-files --stage -- /home/m_lomakin/test/Project/Project/Project/index.html [36ms]
2023-03-27 17:20:25.291 [info] > git cat-file -s 56efbdba61ff12f90f864930b9a85eac0259666d [3ms]
2023-03-27 17:20:25.294 [info] > git cat-file -s 1e3032519b8e2b0bb1b043bde0c71ea4c7887765 [20ms]
2023-03-27 17:20:25.323 [info] > git show --textconv :Project/index.html [10ms]
2023-03-27 17:20:25.327 [info] > git show --textconv :Project/js/app.js [5ms]
2023-03-27 17:23:24.819 [info] > git fetch [674ms]
2023-03-27 17:23:24.864 [info] > git config --get commit.template [22ms]
2023-03-27 17:23:24.867 [info] > git for-each-ref --format=%(refname)%00%(upstream:short)%00%(objectname)%00%(upstream:track)%00%(upstream:remotename)%00%(upstream:remoteref) refs/heads/main refs/remotes/main [5ms]
2023-03-27 17:23:24.893 [info] > git status -z -uall [6ms]
2023-03-27 17:23:26.039 [info] > git ls-files --stage -- /home/m_lomakin/test/Project/Project/Project/index.html [20ms]
2023-03-27 17:23:26.050 [info] > git ls-files --stage -- /home/m_lomakin/test/Project/Project/Project/js/app.js [12ms]
2023-03-27 17:23:26.060 [info] > git cat-file -s 56efbdba61ff12f90f864930b9a85eac0259666d [11ms]
2023-03-27 17:23:26.062 [info] > git cat-file -s 1e3032519b8e2b0bb1b043bde0c71ea4c7887765 [3ms]
2023-03-27 17:23:26.091 [info] > git show --textconv :Project/index.html [17ms]
2023-03-27 17:23:26.096 [info] > git show --textconv :Project/js/app.js [6ms]
2023-03-27 17:26:25.627 [info] > git fetch [705ms]
2023-03-27 17:26:25.672 [info] > git config --get commit.template [22ms]
2023-03-27 17:26:25.675 [info] > git for-each-ref --format=%(refname)%00%(upstream:short)%00%(objectname)%00%(upstream:track)%00%(upstream:remotename)%00%(upstream:remoteref) refs/heads/main refs/remotes/main [6ms]
2023-03-27 17:26:25.701 [info] > git status -z -uall [5ms]
2023-03-27 17:26:26.849 [info] > git ls-files --stage -- /home/m_lomakin/test/Project/Project/Project/index.html [25ms]
2023-03-27 17:26:26.871 [info] > git ls-files --stage -- /home/m_lomakin/test/Project/Project/Project/js/app.js [24ms]
2023-03-27 17:26:26.892 [info] > git cat-file -s 56efbdba61ff12f90f864930b9a85eac0259666d [23ms]
2023-03-27 17:26:26.895 [info] > git cat-file -s 1e3032519b8e2b0bb1b043bde0c71ea4c7887765 [5ms]
2023-03-27 17:26:26.950 [info] > git show --textconv :Project/index.html [30ms]
2023-03-27 17:26:26.950 [info] > git show --textconv :Project/js/app.js [6ms]
2023-03-27 17:29:26.447 [info] > git fetch [722ms]
2023-03-27 17:29:26.474 [info] > git config --get commit.template [2ms]
2023-03-27 17:29:26.499 [info] > git for-each-ref --format=%(refname)%00%(upstream:short)%00%(objectname)%00%(upstream:track)%00%(upstream:remotename)%00%(upstream:remoteref) refs/heads/main refs/remotes/main [5ms]
2023-03-27 17:29:26.527 [info] > git status -z -uall [8ms]
2023-03-27 17:29:27.680 [info] > git ls-files --stage -- /home/m_lomakin/test/Project/Project/Project/index.html [25ms]
2023-03-27 17:29:27.704 [info] > git cat-file -s 56efbdba61ff12f90f864930b9a85eac0259666d [1ms]
2023-03-27 17:29:27.707 [info] > git ls-files --stage -- /home/m_lomakin/test/Project/Project/Project/js/app.js [29ms]
2023-03-27 17:29:27.737 [info] > git cat-file -s 1e3032519b8e2b0bb1b043bde0c71ea4c7887765 [14ms]
2023-03-27 17:29:27.756 [info] > git show --textconv :Project/index.html [20ms]
2023-03-27 17:29:27.763 [info] > git show --textconv :Project/js/app.js [8ms]
2023-03-27 17:32:27.220 [info] > git fetch [665ms]
2023-03-27 17:32:27.265 [info] > git config --get commit.template [22ms]
2023-03-27 17:32:27.269 [info] > git for-each-ref --format=%(refname)%00%(upstream:short)%00%(objectname)%00%(upstream:track)%00%(upstream:remotename)%00%(upstream:remoteref) refs/heads/main refs/remotes/main [5ms]
2023-03-27 17:32:27.295 [info] > git status -z -uall [6ms]
2023-03-27 17:32:28.444 [info] > git ls-files --stage -- /home/m_lomakin/test/Project/Project/Project/index.html [25ms]
2023-03-27 17:32:28.466 [info] > git ls-files --stage -- /home/m_lomakin/test/Project/Project/Project/js/app.js [24ms]
2023-03-27 17:32:28.488 [info] > git cat-file -s 56efbdba61ff12f90f864930b9a85eac0259666d [23ms]
2023-03-27 17:32:28.491 [info] > git cat-file -s 1e3032519b8e2b0bb1b043bde0c71ea4c7887765 [5ms]
2023-03-27 17:32:28.542 [info] > git show --textconv :Project/index.html [27ms]
2023-03-27 17:32:28.546 [info] > git show --textconv :Project/js/app.js [5ms]
2023-03-27 17:35:28.085 [info] > git fetch [760ms]
2023-03-27 17:35:28.135 [info] > git config --get commit.template [27ms]
2023-03-27 17:35:28.138 [info] > git for-each-ref --format=%(refname)%00%(upstream:short)%00%(objectname)%00%(upstream:track)%00%(upstream:remotename)%00%(upstream:remoteref) refs/heads/main refs/remotes/main [5ms]
2023-03-27 17:35:28.165 [info] > git status -z -uall [6ms]
2023-03-27 17:35:29.315 [info] > git ls-files --stage -- /home/m_lomakin/test/Project/Project/Project/index.html [26ms]
2023-03-27 17:35:29.335 [info] > git ls-files --stage -- /home/m_lomakin/test/Project/Project/Project/js/app.js [22ms]
2023-03-27 17:35:29.348 [info] > git cat-file -s 56efbdba61ff12f90f864930b9a85eac0259666d [14ms]
2023-03-27 17:35:29.362 [info] > git cat-file -s 1e3032519b8e2b0bb1b043bde0c71ea4c7887765 [16ms]
2023-03-27 17:35:29.374 [info] > git show --textconv :Project/index.html [13ms]
2023-03-27 17:35:29.378 [info] > git show --textconv :Project/js/app.js [5ms]
2023-03-27 17:38:29.038 [info] > git fetch [849ms]
2023-03-27 17:38:29.075 [info] > git config --get commit.template [17ms]
2023-03-27 17:38:29.076 [info] > git for-each-ref --format=%(refname)%00%(upstream:short)%00%(objectname)%00%(upstream:track)%00%(upstream:remotename)%00%(upstream:remoteref) refs/heads/main refs/remotes/main [3ms]
2023-03-27 17:38:29.093 [info] > git status -z -uall [2ms]
2023-03-27 17:38:30.131 [info] > git config --get commit.template [3ms]
2023-03-27 17:38:30.150 [info] > git for-each-ref --format=%(refname)%00%(upstream:short)%00%(objectname)%00%(upstream:track)%00%(upstream:remotename)%00%(upstream:remoteref) refs/heads/main refs/remotes/main [2ms]
2023-03-27 17:38:30.167 [info] > git status -z -uall [2ms]
2023-03-27 17:38:30.246 [info] > git ls-files --stage -- /home/m_lomakin/test/Project/Project/Project/index.html [14ms]
2023-03-27 17:38:30.270 [info] > git ls-files --stage -- /home/m_lomakin/test/Project/Project/Project/js/app.js [25ms]
2023-03-27 17:38:30.292 [info] > git cat-file -s 56efbdba61ff12f90f864930b9a85eac0259666d [23ms]
2023-03-27 17:38:30.295 [info] > git cat-file -s 1e3032519b8e2b0bb1b043bde0c71ea4c7887765 [4ms]
2023-03-27 17:38:30.376 [info] > git show --textconv :Project/index.html [38ms]
2023-03-27 17:38:30.383 [info] > git show --textconv :Project/js/app.js [7ms]
2023-03-27 17:41:29.746 [info] > git fetch [629ms]
2023-03-27 17:41:29.760 [info] > git config --get commit.template [2ms]
2023-03-27 17:41:29.779 [info] > git for-each-ref --format=%(refname)%00%(upstream:short)%00%(objectname)%00%(upstream:track)%00%(upstream:remotename)%00%(upstream:remoteref) refs/heads/main refs/remotes/main [2ms]
2023-03-27 17:41:29.799 [info] > git status -z -uall [2ms]
2023-03-27 17:41:30.836 [info] > git config --get commit.template [3ms]
2023-03-27 17:41:30.856 [info] > git for-each-ref --format=%(refname)%00%(upstream:short)%00%(objectname)%00%(upstream:track)%00%(upstream:remotename)%00%(upstream:remoteref) refs/heads/main refs/remotes/main [4ms]
2023-03-27 17:41:30.877 [info] > git status -z -uall [6ms]
2023-03-27 17:41:30.951 [info] > git ls-files --stage -- /home/m_lomakin/test/Project/Project/Project/js/app.js [1ms]
2023-03-27 17:41:30.967 [info] > git ls-files --stage -- /home/m_lomakin/test/Project/Project/Project/index.html [32ms]
2023-03-27 17:41:30.984 [info] > git cat-file -s 1e3032519b8e2b0bb1b043bde0c71ea4c7887765 [18ms]
2023-03-27 17:41:30.999 [info] > git cat-file -s 56efbdba61ff12f90f864930b9a85eac0259666d [16ms]
2023-03-27 17:41:31.020 [info] > git show --textconv :Project/js/app.js [22ms]
2023-03-27 17:41:31.025 [info] > git show --textconv :Project/index.html [5ms]
2023-03-27 17:44:30.428 [info] > git fetch [611ms]
2023-03-27 17:44:30.449 [info] > git config --get commit.template [2ms]
2023-03-27 17:44:30.468 [info] > git for-each-ref --format=%(refname)%00%(upstream:short)%00%(objectname)%00%(upstream:track)%00%(upstream:remotename)%00%(upstream:remoteref) refs/heads/main refs/remotes/main [3ms]
2023-03-27 17:44:30.486 [info] > git status -z -uall [1ms]
2023-03-27 17:44:31.539 [info] > git for-each-ref --format=%(refname)%00%(upstream:short)%00%(objectname)%00%(upstream:track)%00%(upstream:remotename)%00%(upstream:remoteref) refs/heads/main refs/remotes/main [2ms]
2023-03-27 17:44:31.540 [info] > git config --get commit.template [14ms]
2023-03-27 17:44:31.559 [info] > git status -z -uall [3ms]
2023-03-27 17:44:31.626 [info] > git ls-files --stage -- /home/m_lomakin/test/Project/Project/Project/index.html [13ms]
2023-03-27 17:44:31.639 [info] > git ls-files --stage -- /home/m_lomakin/test/Project/Project/Project/js/app.js [14ms]
2023-03-27 17:44:31.653 [info] > git cat-file -s 56efbdba61ff12f90f864930b9a85eac0259666d [15ms]
2023-03-27 17:44:31.655 [info] > git cat-file -s 1e3032519b8e2b0bb1b043bde0c71ea4c7887765 [3ms]
2023-03-27 17:44:31.682 [info] > git show --textconv :Project/index.html [14ms]
2023-03-27 17:44:31.688 [info] > git show --textconv :Project/js/app.js [6ms]
2023-03-27 17:47:31.187 [info] > git fetch [677ms]
2023-03-27 17:47:31.216 [info] > git for-each-ref --format=%(refname)%00%(upstream:short)%00%(objectname)%00%(upstream:track)%00%(upstream:remotename)%00%(upstream:remoteref) refs/heads/main refs/remotes/main [3ms]
2023-03-27 17:47:31.216 [info] > git config --get commit.template [13ms]
2023-03-27 17:47:31.234 [info] > git status -z -uall [2ms]
2023-03-27 17:47:32.278 [info] > git config --get commit.template [2ms]
2023-03-27 17:47:32.296 [info] > git for-each-ref --format=%(refname)%00%(upstream:short)%00%(objectname)%00%(upstream:track)%00%(upstream:remotename)%00%(upstream:remoteref) refs/heads/main refs/remotes/main [2ms]
2023-03-27 17:47:32.313 [info] > git status -z -uall [2ms]
2023-03-27 17:47:32.397 [info] > git ls-files --stage -- /home/m_lomakin/test/Project/Project/Project/js/app.js [2ms]
2023-03-27 17:47:32.413 [info] > git ls-files --stage -- /home/m_lomakin/test/Project/Project/Project/index.html [37ms]
2023-03-27 17:47:32.433 [info] > git cat-file -s 56efbdba61ff12f90f864930b9a85eac0259666d [4ms]
2023-03-27 17:47:32.435 [info] > git cat-file -s 1e3032519b8e2b0bb1b043bde0c71ea4c7887765 [23ms]
2023-03-27 17:47:32.457 [info] > git show --textconv :Project/index.html [2ms]
2023-03-27 17:47:32.480 [info] > git show --textconv :Project/js/app.js [2ms]
2023-03-27 17:50:31.870 [info] > git fetch [619ms]
2023-03-27 17:50:31.901 [info] > git config --get commit.template [16ms]
2023-03-27 17:50:31.902 [info] > git for-each-ref --format=%(refname)%00%(upstream:short)%00%(objectname)%00%(upstream:track)%00%(upstream:remotename)%00%(upstream:remoteref) refs/heads/main refs/remotes/main [3ms]
2023-03-27 17:50:31.914 [info] > git status -z -uall [2ms]
2023-03-27 17:50:32.968 [info] > git config --get commit.template [12ms]
2023-03-27 17:50:32.968 [info] > git for-each-ref --format=%(refname)%00%(upstream:short)%00%(objectname)%00%(upstream:track)%00%(upstream:remotename)%00%(upstream:remoteref) refs/heads/main refs/remotes/main [3ms]
2023-03-27 17:50:32.991 [info] > git status -z -uall [6ms]
2023-03-27 17:50:33.065 [info] > git ls-files --stage -- /home/m_lomakin/test/Project/Project/Project/index.html [13ms]
2023-03-27 17:50:33.076 [info] > git ls-files --stage -- /home/m_lomakin/test/Project/Project/Project/js/app.js [13ms]
2023-03-27 17:50:33.088 [info] > git cat-file -s 56efbdba61ff12f90f864930b9a85eac0259666d [12ms]
2023-03-27 17:50:33.089 [info] > git cat-file -s 1e3032519b8e2b0bb1b043bde0c71ea4c7887765 [2ms]
2023-03-27 17:50:33.117 [info] > git show --textconv :Project/index.html [14ms]
2023-03-27 17:50:33.119 [info] > git show --textconv :Project/js/app.js [3ms]
2023-03-27 17:53:32.976 [info] > git fetch [1036ms]
2023-03-27 17:53:32.976 [info] Из https://github.com/m-lomakin/Project
   aa2b18c..300d89f  main       -> origin/main
2023-03-27 17:53:33.027 [info] > git config --get commit.template [27ms]
2023-03-27 17:53:33.028 [info] > git for-each-ref --format=%(refname)%00%(upstream:short)%00%(objectname)%00%(upstream:track)%00%(upstream:remotename)%00%(upstream:remoteref) refs/heads/main refs/remotes/main [7ms]
2023-03-27 17:53:33.054 [info] > git status -z -uall [6ms]
2023-03-27 17:53:34.177 [info] > git ls-files --stage -- /home/m_lomakin/test/Project/Project/Project/index.html [26ms]
2023-03-27 17:53:34.200 [info] > git ls-files --stage -- /home/m_lomakin/test/Project/Project/Project/js/app.js [26ms]
2023-03-27 17:53:34.222 [info] > git cat-file -s 56efbdba61ff12f90f864930b9a85eac0259666d [24ms]
2023-03-27 17:53:34.226 [info] > git cat-file -s 1e3032519b8e2b0bb1b043bde0c71ea4c7887765 [5ms]
2023-03-27 17:53:34.276 [info] > git show --textconv :Project/index.html [25ms]
2023-03-27 17:53:34.282 [info] > git show --textconv :Project/js/app.js [7ms]
2023-03-27 17:56:33.775 [info] > git fetch [685ms]
2023-03-27 17:56:33.831 [info] > git for-each-ref --format=%(refname)%00%(upstream:short)%00%(objectname)%00%(upstream:track)%00%(upstream:remotename)%00%(upstream:remoteref) refs/heads/main refs/remotes/main [1ms]
2023-03-27 17:56:33.831 [info] > git config --get commit.template [30ms]
2023-03-27 17:56:33.854 [info] > git status -z -uall [6ms]
2023-03-27 17:56:35.004 [info] > git ls-files --stage -- /home/m_lomakin/test/Project/Project/Project/js/app.js [2ms]
2023-03-27 17:56:35.026 [info] > git ls-files --stage -- /home/m_lomakin/test/Project/Project/Project/index.html [46ms]
2023-03-27 17:56:35.043 [info] > git cat-file -s 1e3032519b8e2b0bb1b043bde0c71ea4c7887765 [18ms]
2023-03-27 17:56:35.045 [info] > git cat-file -s 56efbdba61ff12f90f864930b9a85eac0259666d [2ms]
2023-03-27 17:56:35.079 [info] > git show --textconv :Project/js/app.js [17ms]
2023-03-27 17:56:35.082 [info] > git show --textconv :Project/index.html [3ms]
2023-03-27 17:59:34.593 [info] > git fetch [712ms]
2023-03-27 17:59:34.642 [info] > git config --get commit.template [24ms]
2023-03-27 17:59:34.646 [info] > git for-each-ref --format=%(refname)%00%(upstream:short)%00%(objectname)%00%(upstream:track)%00%(upstream:remotename)%00%(upstream:remoteref) refs/heads/main refs/remotes/main [5ms]
2023-03-27 17:59:34.673 [info] > git status -z -uall [5ms]
2023-03-27 17:59:35.822 [info] > git ls-files --stage -- /home/m_lomakin/test/Project/Project/Project/index.html [25ms]
2023-03-27 17:59:35.845 [info] > git ls-files --stage -- /home/m_lomakin/test/Project/Project/Project/js/app.js [25ms]
2023-03-27 17:59:35.867 [info] > git cat-file -s 56efbdba61ff12f90f864930b9a85eac0259666d [24ms]
2023-03-27 17:59:35.870 [info] > git cat-file -s 1e3032519b8e2b0bb1b043bde0c71ea4c7887765 [5ms]
2023-03-27 17:59:35.916 [info] > git show --textconv :Project/index.html [22ms]
2023-03-27 17:59:35.923 [info] > git show --textconv :Project/js/app.js [8ms]
2023-03-27 18:02:35.457 [info] > git fetch [758ms]
2023-03-27 18:02:35.515 [info] > git config --get commit.template [15ms]
2023-03-27 18:02:35.521 [info] > git for-each-ref --format=%(refname)%00%(upstream:short)%00%(objectname)%00%(upstream:track)%00%(upstream:remotename)%00%(upstream:remoteref) refs/heads/main refs/remotes/main [6ms]
2023-03-27 18:02:35.552 [info] > git status -z -uall [22ms]
2023-03-27 18:02:36.666 [info] > git ls-files --stage -- /home/m_lomakin/test/Project/Project/Project/index.html [21ms]
2023-03-27 18:02:36.679 [info] > git ls-files --stage -- /home/m_lomakin/test/Project/Project/Project/js/app.js [14ms]
2023-03-27 18:02:36.698 [info] > git cat-file -s 56efbdba61ff12f90f864930b9a85eac0259666d [21ms]
2023-03-27 18:02:36.722 [info] > git cat-file -s 1e3032519b8e2b0bb1b043bde0c71ea4c7887765 [25ms]
2023-03-27 18:02:36.725 [info] > git show --textconv :Project/index.html [4ms]
2023-03-27 18:02:36.767 [info] > git show --textconv :Project/js/app.js [9ms]
2023-03-27 18:05:36.283 [info] > git fetch [689ms]
2023-03-27 18:05:36.313 [info] > git config --get commit.template [4ms]
2023-03-27 18:05:36.344 [info] > git for-each-ref --format=%(refname)%00%(upstream:short)%00%(objectname)%00%(upstream:track)%00%(upstream:remotename)%00%(upstream:remoteref) refs/heads/main refs/remotes/main [4ms]
2023-03-27 18:05:36.365 [info] > git status -z -uall [2ms]
2023-03-27 18:05:37.499 [info] > git ls-files --stage -- /home/m_lomakin/test/Project/Project/Project/index.html [27ms]
2023-03-27 18:05:37.521 [info] > git ls-files --stage -- /home/m_lomakin/test/Project/Project/Project/js/app.js [25ms]
2023-03-27 18:05:37.541 [info] > git cat-file -s 56efbdba61ff12f90f864930b9a85eac0259666d [21ms]
2023-03-27 18:05:37.543 [info] > git cat-file -s 1e3032519b8e2b0bb1b043bde0c71ea4c7887765 [6ms]
2023-03-27 18:05:37.589 [info] > git show --textconv :Project/index.html [25ms]
2023-03-27 18:05:37.589 [info] > git show --textconv :Project/js/app.js [2ms]
2023-03-27 18:08:37.079 [info] > git fetch [682ms]
2023-03-27 18:08:37.125 [info] > git config --get commit.template [24ms]
2023-03-27 18:08:37.129 [info] > git for-each-ref --format=%(refname)%00%(upstream:short)%00%(objectname)%00%(upstream:track)%00%(upstream:remotename)%00%(upstream:remoteref) refs/heads/main refs/remotes/main [6ms]
2023-03-27 18:08:37.156 [info] > git status -z -uall [5ms]
2023-03-27 18:08:38.293 [info] > git ls-files --stage -- /home/m_lomakin/test/Project/Project/Project/index.html [18ms]
2023-03-27 18:08:38.311 [info] > git cat-file -s 56efbdba61ff12f90f864930b9a85eac0259666d [3ms]
2023-03-27 18:08:38.314 [info] > git ls-files --stage -- /home/m_lomakin/test/Project/Project/Project/js/app.js [23ms]
2023-03-27 18:08:38.355 [info] > git cat-file -s 1e3032519b8e2b0bb1b043bde0c71ea4c7887765 [26ms]
2023-03-27 18:08:38.360 [info] > git show --textconv :Project/index.html [7ms]
2023-03-27 18:08:38.375 [info] > git show --textconv :Project/js/app.js [2ms]
2023-03-27 18:17:12.791 [info] > git fetch [664ms]
2023-03-27 18:17:12.873 [info] > git config --get commit.template [24ms]
2023-03-27 18:17:12.877 [info] > git for-each-ref --format=%(refname)%00%(upstream:short)%00%(objectname)%00%(upstream:track)%00%(upstream:remotename)%00%(upstream:remoteref) refs/heads/main refs/remotes/main [8ms]
2023-03-27 18:17:12.900 [info] > git status -z -uall [1ms]
2023-03-27 18:36:07.678 [info] > git ls-files --stage -- /home/m_lomakin/test/Project/Project/Project/index.html [23ms]
2023-03-27 18:36:07.693 [info] > git ls-files --stage -- /home/m_lomakin/test/Project/Project/Project/js/app.js [16ms]
2023-03-27 18:36:07.713 [info] > git cat-file -s 56efbdba61ff12f90f864930b9a85eac0259666d [21ms]
2023-03-27 18:36:07.748 [info] > git cat-file -s 1e3032519b8e2b0bb1b043bde0c71ea4c7887765 [36ms]
2023-03-27 18:36:07.771 [info] > git show --textconv :Project/index.html [24ms]
2023-03-27 18:36:07.779 [info] > git show --textconv :Project/js/app.js [9ms]
2023-03-27 18:36:08.340 [info] > git fetch [709ms]
2023-03-27 18:36:08.388 [info] > git config --get commit.template [23ms]
2023-03-27 18:36:08.391 [info] > git for-each-ref --format=%(refname)%00%(upstream:short)%00%(objectname)%00%(upstream:track)%00%(upstream:remotename)%00%(upstream:remoteref) refs/heads/main refs/remotes/main [6ms]
2023-03-27 18:36:08.418 [info] > git status -z -uall [6ms]
2023-03-27 18:36:09.549 [info] > git ls-files --stage -- /home/m_lomakin/test/Project/Project/Project/index.html [15ms]
2023-03-27 18:36:09.561 [info] > git ls-files --stage -- /home/m_lomakin/test/Project/Project/Project/js/app.js [13ms]
2023-03-27 18:36:09.573 [info] > git cat-file -s 56efbdba61ff12f90f864930b9a85eac0259666d [13ms]
2023-03-27 18:36:09.587 [info] > git cat-file -s 1e3032519b8e2b0bb1b043bde0c71ea4c7887765 [15ms]
2023-03-27 18:36:09.640 [info] > git show --textconv :Project/index.html [53ms]
2023-03-27 18:36:09.644 [info] > git show --textconv :Project/js/app.js [5ms]
2023-03-27 18:40:24.896 [info] > git fetch [828ms]
2023-03-27 18:40:24.961 [info] > git for-each-ref --format=%(refname)%00%(upstream:short)%00%(objectname)%00%(upstream:track)%00%(upstream:remotename)%00%(upstream:remoteref) refs/heads/main refs/remotes/main [2ms]
2023-03-27 18:40:24.961 [info] > git config --get commit.template [20ms]
2023-03-27 18:40:24.993 [info] > git status -z -uall [1ms]
2023-03-27 18:40:26.116 [info] > git ls-files --stage -- /home/m_lomakin/test/Project/Project/Project/index.html [27ms]
2023-03-27 18:40:26.149 [info] > git cat-file -s 56efbdba61ff12f90f864930b9a85eac0259666d [2ms]
2023-03-27 18:40:26.151 [info] > git ls-files --stage -- /home/m_lomakin/test/Project/Project/Project/js/app.js [38ms]
2023-03-27 18:40:26.195 [info] > git cat-file -s 1e3032519b8e2b0bb1b043bde0c71ea4c7887765 [24ms]
2023-03-27 18:40:26.216 [info] > git show --textconv :Project/index.html [22ms]
2023-03-27 18:40:26.220 [info] > git show --textconv :Project/js/app.js [5ms]
2023-03-27 19:33:22.910 [info] > git fetch [723ms]
2023-03-27 19:33:22.933 [info] > git config --get commit.template [1ms]
2023-03-27 19:33:22.947 [info] > git for-each-ref --format=%(refname)%00%(upstream:short)%00%(objectname)%00%(upstream:track)%00%(upstream:remotename)%00%(upstream:remoteref) refs/heads/main refs/remotes/main [4ms]
2023-03-27 19:33:22.963 [info] > git status -z -uall [1ms]
2023-03-27 19:33:24.011 [info] > git config --get commit.template [10ms]
2023-03-27 19:33:24.017 [info] > git for-each-ref --format=%(refname)%00%(upstream:short)%00%(objectname)%00%(upstream:track)%00%(upstream:remotename)%00%(upstream:remoteref) refs/heads/main refs/remotes/main [7ms]
2023-03-27 19:33:24.042 [info] > git status -z -uall [16ms]
2023-03-27 19:33:24.139 [info] > git ls-files --stage -- /home/m_lomakin/test/Project/Project/Project/index.html [24ms]
2023-03-27 19:33:24.166 [info] > git cat-file -s 56efbdba61ff12f90f864930b9a85eac0259666d [4ms]
2023-03-27 19:33:24.168 [info] > git ls-files --stage -- /home/m_lomakin/test/Project/Project/Project/js/app.js [29ms]
2023-03-27 19:33:24.201 [info] > git cat-file -s 1e3032519b8e2b0bb1b043bde0c71ea4c7887765 [18ms]
2023-03-27 19:33:24.208 [info] > git show --textconv :Project/index.html [7ms]
2023-03-27 19:33:24.228 [info] > git show --textconv :Project/js/app.js [4ms]
2023-03-27 19:36:23.637 [info] > git fetch [658ms]
2023-03-27 19:36:23.678 [info] > git config --get commit.template [12ms]
2023-03-27 19:36:23.681 [info] > git for-each-ref --format=%(refname)%00%(upstream:short)%00%(objectname)%00%(upstream:track)%00%(upstream:remotename)%00%(upstream:remoteref) refs/heads/main refs/remotes/main [4ms]
2023-03-27 19:36:23.696 [info] > git status -z -uall [5ms]
2023-03-27 19:36:24.848 [info] > git ls-files --stage -- /home/m_lomakin/test/Project/Project/Project/index.html [2ms]
2023-03-27 19:36:24.883 [info] > git cat-file -s 56efbdba61ff12f90f864930b9a85eac0259666d [12ms]
2023-03-27 19:36:24.886 [info] > git ls-files --stage -- /home/m_lomakin/test/Project/Project/Project/js/app.js [4ms]
2023-03-27 19:36:24.916 [info] > git cat-file -s 1e3032519b8e2b0bb1b043bde0c71ea4c7887765 [18ms]
2023-03-27 19:36:24.920 [info] > git show --textconv :Project/index.html [6ms]
2023-03-27 19:36:24.939 [info] > git show --textconv :Project/js/app.js [2ms]
2023-03-27 19:39:24.469 [info] > git fetch [740ms]
2023-03-27 19:39:24.516 [info] > git config --get commit.template [22ms]
2023-03-27 19:39:24.527 [info] > git for-each-ref --format=%(refname)%00%(upstream:short)%00%(objectname)%00%(upstream:track)%00%(upstream:remotename)%00%(upstream:remoteref) refs/heads/main refs/remotes/main [13ms]
2023-03-27 19:39:24.551 [info] > git status -z -uall [4ms]
2023-03-27 19:39:25.680 [info] > git ls-files --stage -- /home/m_lomakin/test/Project/Project/Project/index.html [14ms]
2023-03-27 19:39:25.699 [info] > git ls-files --stage -- /home/m_lomakin/test/Project/Project/Project/js/app.js [18ms]
2023-03-27 19:39:25.722 [info] > git cat-file -s 56efbdba61ff12f90f864930b9a85eac0259666d [25ms]
2023-03-27 19:39:25.739 [info] > git cat-file -s 1e3032519b8e2b0bb1b043bde0c71ea4c7887765 [18ms]
2023-03-27 19:39:25.757 [info] > git show --textconv :Project/index.html [18ms]
2023-03-27 19:39:25.765 [info] > git show --textconv :Project/js/app.js [8ms]
2023-03-27 19:42:24.647 [warning] ENOENT: no such file or directory, open '/home/m_lomakin/test/Project/Project/.git/HEAD'
2023-03-27 19:42:24.672 [warning] getRemotes() - ENOENT: no such file or directory, open '/home/m_lomakin/test/Project/Project/.git/config'
2023-03-27 20:45:51.796 [info] Уровень ведения журнала: Info
2023-03-27 20:45:51.885 [info] Проверка найденного Git в: "git"
2023-03-27 20:45:51.924 [info] Используется Git "2.34.1" из "git"
2023-03-27 20:46:40.703 [info] Уровень ведения журнала: Info
2023-03-27 20:46:40.704 [info] Проверка найденного Git в: "git"
2023-03-27 20:46:40.704 [info] Используется Git "2.34.1" из "git"
2023-03-27 20:46:40.843 [info] > git rev-parse --show-toplevel [148ms]
2023-03-27 20:46:41.040 [info] > git rev-parse --git-dir --git-common-dir [97ms]
2023-03-27 20:46:41.138 [info] Open repository: /home/m_lomakin/test/Project
2023-03-27 20:46:41.255 [info] > git rev-parse --show-toplevel [49ms]
2023-03-27 20:46:41.280 [info] > git config --get commit.template [28ms]
2023-03-27 20:46:41.305 [info] > git rev-parse --show-toplevel [34ms]
2023-03-27 20:46:41.348 [info] > git rev-parse --show-toplevel [14ms]
2023-03-27 20:46:41.448 [info] > git for-each-ref --format=%(refname)%00%(upstream:short)%00%(objectname)%00%(upstream:track)%00%(upstream:remotename)%00%(upstream:remoteref) refs/heads/master refs/remotes/master [145ms]
2023-03-27 20:46:41.483 [info] > git ls-files --stage -- /home/m_lomakin/test/Project/Project/Project/index.html [95ms]
2023-03-27 20:46:41.557 [info] > git status -z -uall [92ms]
2023-03-27 20:46:41.594 [info] > git config --get commit.template [2ms]
2023-03-27 20:46:41.611 [info] > git for-each-ref --format=%(refname)%00%(upstream:short)%00%(objectname)%00%(upstream:track)%00%(upstream:remotename)%00%(upstream:remoteref) refs/heads/master refs/remotes/master [4ms]
2023-03-27 20:46:41.625 [info] > git status -z -uall [3ms]
2023-03-27 20:46:41.756 [info] > git show --textconv :Project/Project/index.html [46ms]
2023-03-27 20:46:41.925 [info] > git check-ignore -v -z --stdin [7ms]
2023-03-27 20:46:42.601 [info] > git show --textconv :index.html [102ms]
2023-03-27 20:46:42.603 [info] > git ls-files --stage -- /home/m_lomakin/test/Project/index.html [73ms]
2023-03-27 20:46:42.621 [info] > git cat-file -s dc485cd4ef5c4e73857a0937c5556e4769f2b545 [5ms]
2023-03-27 20:46:42.878 [info] > git ls-files --stage -- /home/m_lomakin/test/Project/Project/Project/index.html [26ms]
2023-03-27 20:46:42.883 [info] > git ls-files --stage -- /home/m_lomakin/test/Project/index.html [7ms]
2023-03-27 20:46:42.925 [info] > git cat-file -s dc485cd4ef5c4e73857a0937c5556e4769f2b545 [12ms]
2023-03-27 20:46:42.929 [info] > git show --textconv :Project/Project/index.html [5ms]
2023-03-27 20:46:43.064 [info] > git show --textconv :index.html [15ms]
2023-03-27 20:46:44.510 [info] > git fetch [3371ms]
2023-03-27 20:46:44.510 [info] Из https://github.com/m-lomakin/Project
 * [новая ветка]     main       -> origin/main
2023-03-27 20:46:44.560 [info] > git config --get commit.template [23ms]
2023-03-27 20:46:44.592 [info] > git for-each-ref --format=%(refname)%00%(upstream:short)%00%(objectname)%00%(upstream:track)%00%(upstream:remotename)%00%(upstream:remoteref) refs/heads/master refs/remotes/master [5ms]
2023-03-27 20:46:44.621 [info] > git status -z -uall [6ms]
2023-03-27 20:46:45.737 [info] > git ls-files --stage -- /home/m_lomakin/test/Project/index.html [15ms]
2023-03-27 20:46:45.756 [info] > git ls-files --stage -- /home/m_lomakin/test/Project/Project/Project/index.html [55ms]
2023-03-27 20:46:45.779 [info] > git cat-file -s dc485cd4ef5c4e73857a0937c5556e4769f2b545 [24ms]
2023-03-27 20:46:45.783 [info] > git show --textconv :Project/Project/index.html [4ms]
2023-03-27 20:46:45.802 [info] > git show --textconv :index.html [2ms]
2023-03-27 20:46:58.798 [info] > git config --get commit.template [5ms]
2023-03-27 20:46:58.818 [info] > git for-each-ref --format=%(refname)%00%(upstream:short)%00%(objectname)%00%(upstream:track)%00%(upstream:remotename)%00%(upstream:remoteref) refs/heads/master refs/remotes/master [4ms]
2023-03-27 20:46:58.842 [info] > git status -z -uall [6ms]
2023-03-27 21:04:11.848 [info] > git config --get commit.template [33ms]
2023-03-27 21:04:11.880 [info] > git for-each-ref --format=%(refname)%00%(upstream:short)%00%(objectname)%00%(upstream:track)%00%(upstream:remotename)%00%(upstream:remoteref) refs/heads/master refs/remotes/master [33ms]
2023-03-27 21:04:11.945 [info] > git status -z -uall [42ms]
2023-03-27 21:04:11.954 [info] > git ls-files --stage -- /home/m_lomakin/test/Project/index.html [10ms]
2023-03-27 21:04:11.992 [info] > git cat-file -s d2f690d610247e1517d2c650a098cb01da28bfce [6ms]
2023-03-27 21:04:12.183 [info] > git show --textconv :index.html [8ms]
2023-03-27 21:04:12.522 [info] > git fetch [741ms]
2023-03-27 21:04:12.551 [info] > git config --get commit.template [16ms]
2023-03-27 21:04:12.555 [info] > git for-each-ref --format=%(refname)%00%(upstream:short)%00%(objectname)%00%(upstream:track)%00%(upstream:remotename)%00%(upstream:remoteref) refs/heads/master refs/remotes/master [6ms]
2023-03-27 21:04:12.567 [info] > git status -z -uall [2ms]
2023-03-27 21:04:13.725 [info] > git ls-files --stage -- /home/m_lomakin/test/Project/index.html [5ms]
2023-03-27 21:04:13.740 [info] > git cat-file -s d2f690d610247e1517d2c650a098cb01da28bfce [3ms]
2023-03-27 21:04:13.752 [info] > git show --textconv :index.html [1ms]
