2023-03-27 15:30:43.645 [info] Reading sessions from keychain...
2023-03-27 15:30:43.645 [info] Getting sessions for user:email...
2023-03-27 15:30:43.645 [info] Getting sessions for all scopes...
2023-03-27 15:30:43.645 [info] Got stored sessions!
2023-03-27 15:30:43.645 [info] Got 2 verified sessions.
2023-03-27 15:30:43.645 [info] Got 1 sessions for user:email...
2023-03-27 15:30:43.645 [info] Got 2 sessions for ...
2023-03-27 15:30:44.027 [info] Getting sessions for all scopes...
2023-03-27 15:30:44.027 [info] Got 2 sessions for ...
2023-03-27 15:30:45.105 [info] Getting user info...
2023-03-27 15:30:45.501 [info] Got account info!
2023-03-27 15:32:57.189 [info] Getting sessions for read:user,repo,user:email,workflow...
2023-03-27 15:32:57.189 [info] Got 1 sessions for read:user,repo,user:email,workflow...
2023-03-27 20:45:51.787 [info] Reading sessions from keychain...
2023-03-27 20:45:51.796 [info] Getting sessions for user:email...
2023-03-27 20:45:51.796 [info] Getting sessions for all scopes...
2023-03-27 20:45:51.796 [info] Getting sessions for user:email...
2023-03-27 20:45:51.796 [info] Getting sessions for all scopes...
2023-03-27 20:45:51.796 [info] Got stored sessions!
2023-03-27 20:45:51.796 [info] Got 2 verified sessions.
2023-03-27 20:45:51.796 [info] Got 1 sessions for user:email...
2023-03-27 20:45:51.796 [info] Got 2 sessions for ...
2023-03-27 20:45:51.796 [info] Got 1 sessions for user:email...
2023-03-27 20:45:51.796 [info] Got 2 sessions for ...
2023-03-27 20:45:52.741 [info] Getting user info...
2023-03-27 20:45:53.173 [info] Got account info!
2023-03-27 20:46:40.343 [info] Reading sessions from keychain...
2023-03-27 20:46:40.343 [info] Getting sessions for user:email...
2023-03-27 20:46:40.343 [info] Getting sessions for all scopes...
2023-03-27 20:46:40.343 [info] Got stored sessions!
2023-03-27 20:46:40.343 [info] Got 2 verified sessions.
2023-03-27 20:46:40.343 [info] Got 1 sessions for user:email...
2023-03-27 20:46:40.343 [info] Got 2 sessions for ...
2023-03-27 20:46:40.343 [info] Getting sessions for user:email...
2023-03-27 20:46:40.343 [info] Got 1 sessions for user:email...
2023-03-27 20:46:40.391 [info] Getting sessions for all scopes...
2023-03-27 20:46:40.391 [info] Got 2 sessions for ...
2023-03-27 20:46:42.399 [info] Getting user info...
2023-03-27 20:46:42.973 [info] Got account info!
