2023-03-27 15:30:41.421 [info] Extension host with pid 9883 started
2023-03-27 15:30:41.422 [info] Skipping acquiring lock for /home/m_lomakin/.config/Code/User/workspaceStorage/caf2b685229683086b9fad040a67a4a5.
2023-03-27 15:30:41.595 [info] ExtensionService#_doActivateExtension vscode.emmet, startup: false, activationEvent: 'onLanguage'
2023-03-27 15:30:41.596 [info] ExtensionService#_doActivateExtension vscode.git-base, startup: true, activationEvent: '*', root cause: vscode.git
2023-03-27 15:30:42.050 [info] ExtensionService#_doActivateExtension vscode.git, startup: true, activationEvent: '*'
2023-03-27 15:30:42.051 [info] ExtensionService#_doActivateExtension vscode.github, startup: true, activationEvent: '*'
2023-03-27 15:30:42.454 [info] Eager extensions activated
2023-03-27 15:30:42.544 [info] ExtensionService#_doActivateExtension vscode.debug-auto-launch, startup: false, activationEvent: 'onStartupFinished'
2023-03-27 15:30:42.548 [info] ExtensionService#_doActivateExtension vscode.merge-conflict, startup: false, activationEvent: 'onStartupFinished'
2023-03-27 15:30:43.059 [info] ExtensionService#_doActivateExtension vscode.github-authentication, startup: false, activationEvent: 'onAuthenticationRequest:github'
2023-03-27 15:30:43.507 [info] ExtensionService#_doActivateExtension vscode.microsoft-authentication, startup: false, activationEvent: 'onAuthenticationRequest:microsoft'
2023-03-27 15:30:48.646 [info] ExtensionService#_doActivateExtension vscode.html-language-features, startup: false, activationEvent: 'onLanguage:html'
2023-03-27 15:31:22.672 [warning] Using default string since no string found in i18n bundle that has the key: OK, Don't Show Again
2023-03-27 15:31:43.653 [info] ExtensionService#_doActivateExtension vscode.configuration-editing, startup: false, activationEvent: 'onLanguage:jsonc'
2023-03-27 15:31:43.670 [info] ExtensionService#_doActivateExtension vscode.json-language-features, startup: false, activationEvent: 'onLanguage:jsonc'
2023-03-27 15:31:43.673 [info] ExtensionService#_doActivateExtension vscode.typescript-language-features, startup: false, activationEvent: 'onLanguage:jsonc'
2023-03-27 15:32:33.860 [warning] Using default string since no string found in i18n bundle that has the key: OK, Don't Show Again
2023-03-27 15:37:38.281 [warning] Using default string since no string found in i18n bundle that has the key: OK, Don't Show Again
2023-03-27 15:38:00.990 [warning] Using default string since no string found in i18n bundle that has the key: There are no staged changes to commit.

Would you like to stage all your changes and commit them directly?
2023-03-27 20:45:29.057 [info] ExtensionService#_doActivateExtension vscode.extension-editing, startup: false, activationEvent: 'onLanguage:json'
2023-03-27 20:45:29.150 [info] ExtensionService#_doActivateExtension vscode.npm, startup: false, activationEvent: 'onLanguage:json'
2023-03-27 20:45:30.266 [info] Extension host terminating: renderer closed the MessagePort
2023-03-27 20:45:32.232 [error] Failed to load translations for vscode.npm from file:///home/m_lomakin/.vscode/extensions/ms-ceintl.vscode-language-pack-ru-1.76.2023031509/translations/extensions/vscode.npm.i18n.json: Canceled
2023-03-27 20:45:35.347 [info] Extension host with pid 9883 exiting with code 0
2023-03-27 20:45:47.350 [info] Extension host with pid 15529 started
2023-03-27 20:45:47.350 [info] Skipping acquiring lock for /home/m_lomakin/.config/Code/User/workspaceStorage/3c5df32debc9de8a424c746a076ecfad.
2023-03-27 20:45:47.397 [info] ExtensionService#_doActivateExtension vscode.emmet, startup: false, activationEvent: 'onLanguage'
2023-03-27 20:45:47.399 [info] ExtensionService#_doActivateExtension vscode.github-authentication, startup: false, activationEvent: 'onAuthenticationRequest:github'
2023-03-27 20:45:47.400 [info] ExtensionService#_doActivateExtension vscode.microsoft-authentication, startup: false, activationEvent: 'onAuthenticationRequest:microsoft'
2023-03-27 20:45:47.401 [info] ExtensionService#_doActivateExtension vscode.html-language-features, startup: false, activationEvent: 'onLanguage:html'
2023-03-27 20:45:47.401 [info] ExtensionService#_doActivateExtension vscode.git-base, startup: false, activationEvent: 'onFileSystem:git', root cause: vscode.git
2023-03-27 20:45:47.403 [info] ExtensionService#_doActivateExtension vscode.configuration-editing, startup: false, activationEvent: 'onLanguage:jsonc'
2023-03-27 20:45:47.405 [info] ExtensionService#_doActivateExtension vscode.json-language-features, startup: false, activationEvent: 'onLanguage:jsonc'
2023-03-27 20:45:47.406 [info] ExtensionService#_doActivateExtension vscode.typescript-language-features, startup: false, activationEvent: 'onLanguage:jsonc'
2023-03-27 20:45:47.407 [info] ExtensionService#_doActivateExtension vscode.extension-editing, startup: false, activationEvent: 'onLanguage:json'
2023-03-27 20:45:47.408 [info] ExtensionService#_doActivateExtension vscode.npm, startup: false, activationEvent: 'onLanguage:json'
2023-03-27 20:45:49.710 [info] ExtensionService#_doActivateExtension vscode.git, startup: false, activationEvent: 'onFileSystem:git'
2023-03-27 20:45:49.710 [info] ExtensionService#_doActivateExtension vscode.github, startup: true, activationEvent: '*'
2023-03-27 20:45:51.952 [info] Eager extensions activated
2023-03-27 20:45:51.990 [info] ExtensionService#_doActivateExtension vscode.debug-auto-launch, startup: false, activationEvent: 'onStartupFinished'
2023-03-27 20:45:51.991 [info] ExtensionService#_doActivateExtension vscode.merge-conflict, startup: false, activationEvent: 'onStartupFinished'
2023-03-27 20:46:38.495 [info] Extension host terminating: renderer closed the MessagePort
2023-03-27 20:46:38.571 [info] Extension host with pid 15529 exiting with code 0
2023-03-27 20:46:39.816 [info] Extension host with pid 15684 started
2023-03-27 20:46:39.816 [info] Skipping acquiring lock for /home/m_lomakin/.config/Code/User/workspaceStorage/3c5df32debc9de8a424c746a076ecfad.
2023-03-27 20:46:39.862 [info] ExtensionService#_doActivateExtension vscode.emmet, startup: false, activationEvent: 'onLanguage'
2023-03-27 20:46:39.864 [info] ExtensionService#_doActivateExtension vscode.github-authentication, startup: false, activationEvent: 'onAuthenticationRequest:github'
2023-03-27 20:46:39.865 [info] ExtensionService#_doActivateExtension vscode.microsoft-authentication, startup: false, activationEvent: 'onAuthenticationRequest:microsoft'
2023-03-27 20:46:39.866 [info] ExtensionService#_doActivateExtension vscode.html-language-features, startup: false, activationEvent: 'onLanguage:html'
2023-03-27 20:46:39.867 [info] ExtensionService#_doActivateExtension vscode.git-base, startup: false, activationEvent: 'onFileSystem:git', root cause: vscode.git
2023-03-27 20:46:39.869 [info] ExtensionService#_doActivateExtension vscode.configuration-editing, startup: false, activationEvent: 'onLanguage:jsonc'
2023-03-27 20:46:39.871 [info] ExtensionService#_doActivateExtension vscode.json-language-features, startup: false, activationEvent: 'onLanguage:jsonc'
2023-03-27 20:46:39.873 [info] ExtensionService#_doActivateExtension vscode.typescript-language-features, startup: false, activationEvent: 'onLanguage:jsonc'
2023-03-27 20:46:39.874 [info] ExtensionService#_doActivateExtension vscode.extension-editing, startup: false, activationEvent: 'onLanguage:json'
2023-03-27 20:46:39.875 [info] ExtensionService#_doActivateExtension vscode.npm, startup: false, activationEvent: 'onLanguage:json'
2023-03-27 20:46:40.331 [info] ExtensionService#_doActivateExtension vscode.git, startup: false, activationEvent: 'onFileSystem:git'
2023-03-27 20:46:40.332 [info] ExtensionService#_doActivateExtension vscode.github, startup: true, activationEvent: '*'
2023-03-27 20:46:40.696 [info] Eager extensions activated
2023-03-27 20:46:40.924 [info] ExtensionService#_doActivateExtension vscode.debug-auto-launch, startup: false, activationEvent: 'onStartupFinished'
2023-03-27 20:46:40.925 [info] ExtensionService#_doActivateExtension vscode.merge-conflict, startup: false, activationEvent: 'onStartupFinished'
2023-03-27 20:46:41.928 [error] {"message":"Git error","stdout":"","stderr":"fatal: Спецификатор пути «/home/m_lomakin/test/Project/Project/Project» в подмодуле «Project»\n","exitCode":128}
2023-03-27 20:46:41.929 [error] {"message":"Git error","stdout":"","stderr":"fatal: Спецификатор пути «/home/m_lomakin/test/Project/Project/Project» в подмодуле «Project»\n","exitCode":128}
2023-03-27 20:46:41.929 [error] {"message":"Git error","stdout":"","stderr":"fatal: Спецификатор пути «/home/m_lomakin/test/Project/Project/Project» в подмодуле «Project»\n","exitCode":128}
2023-03-27 20:46:41.929 [error] {"message":"Git error","stdout":"","stderr":"fatal: Спецификатор пути «/home/m_lomakin/test/Project/Project/Project» в подмодуле «Project»\n","exitCode":128}
2023-03-27 20:46:41.929 [error] {"message":"Git error","stdout":"","stderr":"fatal: Спецификатор пути «/home/m_lomakin/test/Project/Project/Project» в подмодуле «Project»\n","exitCode":128}
2023-03-27 20:46:41.929 [error] {"message":"Git error","stdout":"","stderr":"fatal: Спецификатор пути «/home/m_lomakin/test/Project/Project/Project» в подмодуле «Project»\n","exitCode":128}
2023-03-27 20:46:41.929 [error] {"message":"Git error","stdout":"","stderr":"fatal: Спецификатор пути «/home/m_lomakin/test/Project/Project/Project» в подмодуле «Project»\n","exitCode":128}
2023-03-27 20:46:41.929 [error] {"message":"Git error","stdout":"","stderr":"fatal: Спецификатор пути «/home/m_lomakin/test/Project/Project/Project» в подмодуле «Project»\n","exitCode":128}
2023-03-27 20:46:42.931 [error] {"message":"Git error","stdout":"","stderr":"fatal: Спецификатор пути «/home/m_lomakin/test/Project/Project/Project» в подмодуле «Project»\n","exitCode":128}
2023-03-27 20:46:42.932 [error] {"message":"Git error","stdout":"","stderr":"fatal: Спецификатор пути «/home/m_lomakin/test/Project/Project/Project» в подмодуле «Project»\n","exitCode":128}
2023-03-27 20:46:42.932 [error] {"message":"Git error","stdout":"","stderr":"fatal: Спецификатор пути «/home/m_lomakin/test/Project/Project/Project» в подмодуле «Project»\n","exitCode":128}
2023-03-27 20:46:42.932 [error] {"message":"Git error","stdout":"","stderr":"fatal: Спецификатор пути «/home/m_lomakin/test/Project/Project/Project» в подмодуле «Project»\n","exitCode":128}
2023-03-27 20:46:42.933 [error] {"message":"Git error","stdout":"","stderr":"fatal: Спецификатор пути «/home/m_lomakin/test/Project/Project/Project» в подмодуле «Project»\n","exitCode":128}
2023-03-27 20:46:42.933 [error] {"message":"Git error","stdout":"","stderr":"fatal: Спецификатор пути «/home/m_lomakin/test/Project/Project/Project» в подмодуле «Project»\n","exitCode":128}
2023-03-27 20:46:42.933 [error] {"message":"Git error","stdout":"","stderr":"fatal: Спецификатор пути «/home/m_lomakin/test/Project/Project/Project» в подмодуле «Project»\n","exitCode":128}
2023-03-27 20:46:42.934 [error] {"message":"Git error","stdout":"","stderr":"fatal: Спецификатор пути «/home/m_lomakin/test/Project/Project/Project» в подмодуле «Project»\n","exitCode":128}
2023-03-27 21:04:13.913 [info] Extension host terminating: renderer closed the MessagePort
2023-03-27 21:04:13.949 [error] Canceled: Canceled
	at new l (/usr/share/code/resources/app/out/vs/workbench/api/node/extensionHostProcess.js:96:88793)
	at a.O (/usr/share/code/resources/app/out/vs/workbench/api/node/extensionHostProcess.js:106:11260)
	at V.<computed>.Q.charCodeAt.V.<computed> (/usr/share/code/resources/app/out/vs/workbench/api/node/extensionHostProcess.js:106:8550)
	at c.g (/usr/share/code/resources/app/out/vs/workbench/api/node/extensionHostProcess.js:96:108198)
	at c.executeCommand (/usr/share/code/resources/app/out/vs/workbench/api/node/extensionHostProcess.js:96:107574)
	at N.registerCommand.description (/usr/share/code/resources/app/out/vs/workbench/api/node/extensionHostProcess.js:96:106867)
	at c.h (/usr/share/code/resources/app/out/vs/workbench/api/node/extensionHostProcess.js:96:108784)
	at c.g (/usr/share/code/resources/app/out/vs/workbench/api/node/extensionHostProcess.js:96:107674)
	at c.executeCommand (/usr/share/code/resources/app/out/vs/workbench/api/node/extensionHostProcess.js:96:107574)
	at Object.executeCommand (/usr/share/code/resources/app/out/vs/workbench/api/node/extensionHostProcess.js:117:30781)
	at D (/usr/share/code/resources/app/extensions/git/dist/main.js:2:1467127)
	at f.invoke (/usr/share/code/resources/app/out/vs/workbench/api/node/extensionHostProcess.js:63:145)
	at m.deliver (/usr/share/code/resources/app/out/vs/workbench/api/node/extensionHostProcess.js:63:2066)
	at d.fire (/usr/share/code/resources/app/out/vs/workbench/api/node/extensionHostProcess.js:63:1704)
	at Object.m [as dispose] (/usr/share/code/resources/app/extensions/git/dist/main.js:2:1481856)
	at /usr/share/code/resources/app/extensions/git/dist/main.js:2:1485923
	at Array.forEach (<anonymous>)
	at g.dispose (/usr/share/code/resources/app/extensions/git/dist/main.js:2:1485909)
	at C.<anonymous> (/usr/share/code/resources/app/out/vs/workbench/api/node/extensionHostProcess.js:94:12431)
	at C.dispose (/usr/share/code/resources/app/out/vs/workbench/api/node/extensionHostProcess.js:94:12566)
	at C.<anonymous> (/usr/share/code/resources/app/extensions/git/dist/main.js:2:1469257)
	at C.dispose (/usr/share/code/resources/app/out/vs/workbench/api/node/extensionHostProcess.js:94:12566)
	at k (/usr/share/code/resources/app/out/vs/workbench/api/node/extensionHostProcess.js:10:12074)
	at f.X (/usr/share/code/resources/app/out/vs/workbench/api/node/extensionHostProcess.js:108:11284)
	at /usr/share/code/resources/app/out/vs/workbench/api/node/extensionHostProcess.js:108:9088
	at Array.map (<anonymous>)
	at f.Q (/usr/share/code/resources/app/out/vs/workbench/api/node/extensionHostProcess.js:108:9075)
	at f.terminate (/usr/share/code/resources/app/out/vs/workbench/api/node/extensionHostProcess.js:108:9347)
	at u.terminate (/usr/share/code/resources/app/out/vs/workbench/api/node/extensionHostProcess.js:112:1397)
	at p (/usr/share/code/resources/app/out/vs/workbench/api/node/extensionHostProcess.js:122:18592)
	at MessagePortMain.<anonymous> (/usr/share/code/resources/app/out/vs/workbench/api/node/extensionHostProcess.js:122:14731)
	at MessagePortMain.emit (node:events:526:28)
	at MessagePortMain._internalPort.emit (node:electron/js2c/utility_init:5:364) setContext undefined
2023-03-27 21:04:13.990 [info] Extension host with pid 15684 exiting with code 0
