2023-03-27 14:37:34.417 [info] Reading sessions from keychain...
2023-03-27 14:37:34.417 [info] Getting sessions for user:email...
2023-03-27 14:37:34.417 [info] Got stored sessions!
2023-03-27 14:37:34.417 [info] Got 1 verified sessions.
2023-03-27 14:37:34.417 [info] Got 1 sessions for user:email...
2023-03-27 14:37:34.417 [info] Getting sessions for all scopes...
2023-03-27 14:37:34.417 [info] Got 1 sessions for ...
2023-03-27 14:37:34.677 [info] Getting sessions for all scopes...
2023-03-27 14:37:34.677 [info] Got 1 sessions for ...
2023-03-27 14:37:36.171 [info] Getting user info...
2023-03-27 14:37:36.512 [info] Got account info!
2023-03-27 14:49:34.004 [info] Getting sessions for read:user,repo,user:email,workflow...
2023-03-27 14:49:34.004 [info] Got 0 sessions for read:user,repo,user:email,workflow...
2023-03-27 14:49:38.230 [info] Logging in for the following scopes: read:user repo user:email workflow
2023-03-27 14:49:38.269 [info] Trying without local server... (read:user repo user:email workflow)
2023-03-27 14:50:02.360 [info] Exchanging code for token...
2023-03-27 14:50:03.069 [info] Token exchange success!
2023-03-27 14:50:03.078 [info] Getting user info...
2023-03-27 14:50:03.508 [info] Got account info!
2023-03-27 14:50:03.510 [info] Storing 2 sessions...
2023-03-27 14:50:03.607 [info] Reading sessions from keychain...
2023-03-27 14:50:03.607 [info] Stored 2 sessions!
2023-03-27 14:50:03.610 [info] Login success!
2023-03-27 14:50:03.619 [info] Getting sessions for user:email...
2023-03-27 14:50:03.747 [info] Got stored sessions!
2023-03-27 14:50:03.747 [info] Got 2 verified sessions.
2023-03-27 14:50:03.748 [info] Got 1 sessions for user:email...
