2023-03-27 12:48:11.779 [info] Reading sessions from keychain...
2023-03-27 12:48:11.779 [info] Getting sessions for all scopes...
2023-03-27 12:48:11.779 [info] Got 0 sessions for ...
2023-03-27 12:48:11.779 [info] Getting sessions for user:email...
2023-03-27 12:48:11.779 [info] Got 0 sessions for user:email...
2023-03-27 12:48:12.426 [info] Getting sessions for all scopes...
2023-03-27 12:48:12.427 [info] Got 0 sessions for ...
2023-03-27 12:49:29.175 [info] Reading sessions from keychain...
2023-03-27 12:49:29.175 [info] Getting sessions for user:email...
2023-03-27 12:49:29.175 [info] Got 0 sessions for user:email...
2023-03-27 12:49:29.175 [info] Getting sessions for all scopes...
2023-03-27 12:49:29.175 [info] Got 0 sessions for ...
2023-03-27 12:49:29.343 [info] Getting sessions for all scopes...
2023-03-27 12:49:29.343 [info] Got 0 sessions for ...
2023-03-27 12:51:40.724 [info] Reading sessions from keychain...
2023-03-27 12:51:40.724 [info] Getting sessions for user:email...
2023-03-27 12:51:40.724 [info] Got 0 sessions for user:email...
2023-03-27 12:51:40.943 [info] Getting sessions for all scopes...
2023-03-27 12:51:40.943 [info] Got 0 sessions for ...
2023-03-27 12:51:41.290 [info] Getting sessions for all scopes...
2023-03-27 12:51:41.290 [info] Got 0 sessions for ...
